{
	"C:\\Users\\Jonao\\ecommerce-monorepo\\apps\\web\\src\\features\\auth\\components\\login-form.tsx": {
		"path": "C:\\Users\\Jonao\\ecommerce-monorepo\\apps\\web\\src\\features\\auth\\components\\login-form.tsx",
		"statementMap": {
			"0": {
				"start": { "line": 11, "column": 25 },
				"end": { "line": 46, "column": null }
			},
			"1": {
				"start": { "line": 12, "column": 19 },
				"end": { "line": 12, "column": null }
			},
			"2": {
				"start": { "line": 14, "column": 22 },
				"end": { "line": 20, "column": null }
			},
			"3": {
				"start": { "line": 15, "column": 15 },
				"end": { "line": 15, "column": null }
			},
			"4": {
				"start": { "line": 17, "column": 2 },
				"end": { "line": 19, "column": null }
			},
			"5": {
				"start": { "line": 18, "column": 3 },
				"end": { "line": 18, "column": null }
			},
			"6": {
				"start": { "line": 21, "column": 1 },
				"end": { "line": 44, "column": null }
			}
		},
		"fnMap": {
			"0": {
				"name": "(anonymous_0)",
				"decl": {
					"start": { "line": 11, "column": 25 },
					"end": { "line": 11, "column": 31 }
				},
				"loc": {
					"start": { "line": 11, "column": 31 },
					"end": { "line": 46, "column": null }
				},
				"line": 11
			},
			"1": {
				"name": "(anonymous_1)",
				"decl": {
					"start": { "line": 14, "column": 22 },
					"end": { "line": 14, "column": 29 }
				},
				"loc": {
					"start": { "line": 14, "column": 52 },
					"end": { "line": 20, "column": null }
				},
				"line": 14
			}
		},
		"branchMap": {
			"0": {
				"loc": {
					"start": { "line": 17, "column": 2 },
					"end": { "line": 19, "column": null }
				},
				"type": "if",
				"locations": [
					{
						"start": { "line": 17, "column": 2 },
						"end": { "line": 19, "column": null }
					},
					{ "start": {}, "end": {} }
				],
				"line": 17
			}
		},
		"s": { "0": 2, "1": 7, "2": 7, "3": 4, "4": 4, "5": 2, "6": 7 },
		"f": { "0": 7, "1": 4 },
		"b": { "0": [2, 2] },
		"meta": {
			"lastBranch": 1,
			"lastFunction": 2,
			"lastStatement": 7,
			"seen": {
				"s:11:25:46:Infinity": 0,
				"f:11:25:11:31": 0,
				"s:12:19:12:Infinity": 1,
				"s:14:22:20:Infinity": 2,
				"f:14:22:14:29": 1,
				"s:15:15:15:Infinity": 3,
				"b:17:2:19:Infinity:undefined:undefined:undefined:undefined": 0,
				"s:17:2:19:Infinity": 4,
				"s:18:3:18:Infinity": 5,
				"s:21:1:44:Infinity": 6
			}
		}
	},
	"C:\\Users\\Jonao\\ecommerce-monorepo\\apps\\web\\src\\features\\auth\\components\\signup-form.tsx": {
		"path": "C:\\Users\\Jonao\\ecommerce-monorepo\\apps\\web\\src\\features\\auth\\components\\signup-form.tsx",
		"statementMap": {
			"0": {
				"start": { "line": 10, "column": 26 },
				"end": { "line": 47, "column": null }
			},
			"1": {
				"start": { "line": 11, "column": 24 },
				"end": { "line": 11, "column": null }
			},
			"2": {
				"start": { "line": 12, "column": 22 },
				"end": { "line": 17, "column": null }
			},
			"3": {
				"start": { "line": 13, "column": 15 },
				"end": { "line": 13, "column": null }
			},
			"4": {
				"start": { "line": 14, "column": 2 },
				"end": { "line": 16, "column": null }
			},
			"5": {
				"start": { "line": 15, "column": 3 },
				"end": { "line": 15, "column": null }
			},
			"6": {
				"start": { "line": 18, "column": 1 },
				"end": { "line": 45, "column": null }
			}
		},
		"fnMap": {
			"0": {
				"name": "(anonymous_0)",
				"decl": {
					"start": { "line": 10, "column": 26 },
					"end": { "line": 10, "column": 32 }
				},
				"loc": {
					"start": { "line": 10, "column": 32 },
					"end": { "line": 47, "column": null }
				},
				"line": 10
			},
			"1": {
				"name": "(anonymous_1)",
				"decl": {
					"start": { "line": 12, "column": 22 },
					"end": { "line": 12, "column": 29 }
				},
				"loc": {
					"start": { "line": 12, "column": 52 },
					"end": { "line": 17, "column": null }
				},
				"line": 12
			}
		},
		"branchMap": {
			"0": {
				"loc": {
					"start": { "line": 14, "column": 2 },
					"end": { "line": 16, "column": null }
				},
				"type": "if",
				"locations": [
					{
						"start": { "line": 14, "column": 2 },
						"end": { "line": 16, "column": null }
					},
					{ "start": {}, "end": {} }
				],
				"line": 14
			}
		},
		"s": { "0": 2, "1": 7, "2": 7, "3": 4, "4": 4, "5": 2, "6": 7 },
		"f": { "0": 7, "1": 4 },
		"b": { "0": [2, 2] },
		"meta": {
			"lastBranch": 1,
			"lastFunction": 2,
			"lastStatement": 7,
			"seen": {
				"s:10:26:47:Infinity": 0,
				"f:10:26:10:32": 0,
				"s:11:24:11:Infinity": 1,
				"s:12:22:17:Infinity": 2,
				"f:12:22:12:29": 1,
				"s:13:15:13:Infinity": 3,
				"b:14:2:16:Infinity:undefined:undefined:undefined:undefined": 0,
				"s:14:2:16:Infinity": 4,
				"s:15:3:15:Infinity": 5,
				"s:18:1:45:Infinity": 6
			}
		}
	},
	"C:\\Users\\Jonao\\ecommerce-monorepo\\apps\\web\\src\\features\\cart\\components\\cart-checkout.tsx": {
		"path": "C:\\Users\\Jonao\\ecommerce-monorepo\\apps\\web\\src\\features\\cart\\components\\cart-checkout.tsx",
		"statementMap": {
			"0": {
				"start": { "line": 21, "column": 28 },
				"end": { "line": 119, "column": null }
			},
			"1": {
				"start": { "line": 22, "column": 42 },
				"end": { "line": 22, "column": null }
			},
			"2": {
				"start": { "line": 23, "column": 44 },
				"end": { "line": 23, "column": null }
			},
			"3": {
				"start": { "line": 24, "column": 16 },
				"end": { "line": 24, "column": null }
			},
			"4": {
				"start": { "line": 26, "column": 1 },
				"end": { "line": 29, "column": null }
			},
			"5": {
				"start": { "line": 27, "column": 2 },
				"end": { "line": 27, "column": null }
			},
			"6": {
				"start": { "line": 28, "column": 2 },
				"end": { "line": 28, "column": null }
			},
			"7": {
				"start": { "line": 31, "column": 15 },
				"end": { "line": 31, "column": null }
			},
			"8": {
				"start": { "line": 32, "column": 7 },
				"end": { "line": 32, "column": null }
			},
			"9": {
				"start": { "line": 33, "column": 20 },
				"end": { "line": 33, "column": null }
			},
			"10": {
				"start": { "line": 34, "column": 24 },
				"end": { "line": 58, "column": null }
			},
			"11": {
				"start": { "line": 35, "column": 4 },
				"end": { "line": 38, "column": null }
			},
			"12": {
				"start": { "line": 36, "column": 6 },
				"end": { "line": 36, "column": null }
			},
			"13": {
				"start": { "line": 37, "column": 6 },
				"end": { "line": 37, "column": null }
			},
			"14": {
				"start": { "line": 40, "column": 4 },
				"end": { "line": 43, "column": null }
			},
			"15": {
				"start": { "line": 41, "column": 6 },
				"end": { "line": 41, "column": null }
			},
			"16": {
				"start": { "line": 42, "column": 6 },
				"end": { "line": 42, "column": null }
			},
			"17": {
				"start": { "line": 45, "column": 24 },
				"end": { "line": 49, "column": null }
			},
			"18": {
				"start": { "line": 51, "column": 4 },
				"end": { "line": 54, "column": null }
			},
			"19": {
				"start": { "line": 52, "column": 6 },
				"end": { "line": 52, "column": null }
			},
			"20": {
				"start": { "line": 53, "column": 6 },
				"end": { "line": 53, "column": null }
			},
			"21": {
				"start": { "line": 56, "column": 4 },
				"end": { "line": 56, "column": null }
			},
			"22": {
				"start": { "line": 57, "column": 4 },
				"end": { "line": 57, "column": null }
			},
			"23": {
				"start": { "line": 60, "column": 21 },
				"end": { "line": 60, "column": null }
			},
			"24": {
				"start": { "line": 61, "column": 26 },
				"end": { "line": 61, "column": null }
			},
			"25": {
				"start": { "line": 63, "column": 1 },
				"end": { "line": 117, "column": null }
			}
		},
		"fnMap": {
			"0": {
				"name": "(anonymous_0)",
				"decl": {
					"start": { "line": 21, "column": 28 },
					"end": { "line": 21, "column": 34 }
				},
				"loc": {
					"start": { "line": 21, "column": 34 },
					"end": { "line": 119, "column": null }
				},
				"line": 21
			},
			"1": {
				"name": "(anonymous_1)",
				"decl": {
					"start": { "line": 34, "column": 24 },
					"end": { "line": 34, "column": 36 }
				},
				"loc": {
					"start": { "line": 34, "column": 36 },
					"end": { "line": 58, "column": null }
				},
				"line": 34
			}
		},
		"branchMap": {
			"0": {
				"loc": {
					"start": { "line": 26, "column": 1 },
					"end": { "line": 29, "column": null }
				},
				"type": "if",
				"locations": [
					{
						"start": { "line": 26, "column": 1 },
						"end": { "line": 29, "column": null }
					},
					{ "start": {}, "end": {} }
				],
				"line": 26
			},
			"1": {
				"loc": {
					"start": { "line": 35, "column": 4 },
					"end": { "line": 38, "column": null }
				},
				"type": "if",
				"locations": [
					{
						"start": { "line": 35, "column": 4 },
						"end": { "line": 38, "column": null }
					},
					{ "start": {}, "end": {} }
				],
				"line": 35
			},
			"2": {
				"loc": {
					"start": { "line": 40, "column": 4 },
					"end": { "line": 43, "column": null }
				},
				"type": "if",
				"locations": [
					{
						"start": { "line": 40, "column": 4 },
						"end": { "line": 43, "column": null }
					},
					{ "start": {}, "end": {} }
				],
				"line": 40
			},
			"3": {
				"loc": {
					"start": { "line": 51, "column": 4 },
					"end": { "line": 54, "column": null }
				},
				"type": "if",
				"locations": [
					{
						"start": { "line": 51, "column": 4 },
						"end": { "line": 54, "column": null }
					},
					{ "start": {}, "end": {} }
				],
				"line": 51
			},
			"4": {
				"loc": {
					"start": { "line": 61, "column": 26 },
					"end": { "line": 61, "column": null }
				},
				"type": "binary-expr",
				"locations": [
					{
						"start": { "line": 61, "column": 26 },
						"end": { "line": 61, "column": 42 }
					},
					{
						"start": { "line": 61, "column": 42 },
						"end": { "line": 61, "column": 57 }
					},
					{
						"start": { "line": 61, "column": 57 },
						"end": { "line": 61, "column": null }
					}
				],
				"line": 61
			},
			"5": {
				"loc": {
					"start": { "line": 78, "column": 12 },
					"end": { "line": 78, "column": 25 }
				},
				"type": "binary-expr",
				"locations": [
					{
						"start": { "line": 78, "column": 12 },
						"end": { "line": 78, "column": 21 }
					},
					{
						"start": { "line": 78, "column": 21 },
						"end": { "line": 78, "column": 25 }
					}
				],
				"line": 78
			},
			"6": {
				"loc": {
					"start": { "line": 95, "column": 7 },
					"end": { "line": 105, "column": null }
				},
				"type": "cond-expr",
				"locations": [
					{
						"start": { "line": 96, "column": 7 },
						"end": { "line": 98, "column": null }
					},
					{
						"start": { "line": 100, "column": 7 },
						"end": { "line": 105, "column": null }
					}
				],
				"line": 95
			}
		},
		"s": {
			"0": 1,
			"1": 6,
			"2": 6,
			"3": 6,
			"4": 6,
			"5": 2,
			"6": 2,
			"7": 4,
			"8": 4,
			"9": 4,
			"10": 4,
			"11": 1,
			"12": 0,
			"13": 0,
			"14": 1,
			"15": 0,
			"16": 0,
			"17": 1,
			"18": 1,
			"19": 0,
			"20": 0,
			"21": 1,
			"22": 1,
			"23": 4,
			"24": 4,
			"25": 6
		},
		"f": { "0": 6, "1": 1 },
		"b": {
			"0": [2, 4],
			"1": [0, 1],
			"2": [0, 1],
			"3": [0, 1],
			"4": [4, 3, 3],
			"5": [6, 0],
			"6": [1, 3]
		},
		"meta": {
			"lastBranch": 7,
			"lastFunction": 2,
			"lastStatement": 26,
			"seen": {
				"s:21:28:119:Infinity": 0,
				"f:21:28:21:34": 0,
				"s:22:42:22:Infinity": 1,
				"s:23:44:23:Infinity": 2,
				"s:24:16:24:Infinity": 3,
				"b:26:1:29:Infinity:undefined:undefined:undefined:undefined": 0,
				"s:26:1:29:Infinity": 4,
				"s:27:2:27:Infinity": 5,
				"s:28:2:28:Infinity": 6,
				"s:31:15:31:Infinity": 7,
				"s:32:7:32:Infinity": 8,
				"s:33:20:33:Infinity": 9,
				"s:34:24:58:Infinity": 10,
				"f:34:24:34:36": 1,
				"b:35:4:38:Infinity:undefined:undefined:undefined:undefined": 1,
				"s:35:4:38:Infinity": 11,
				"s:36:6:36:Infinity": 12,
				"s:37:6:37:Infinity": 13,
				"b:40:4:43:Infinity:undefined:undefined:undefined:undefined": 2,
				"s:40:4:43:Infinity": 14,
				"s:41:6:41:Infinity": 15,
				"s:42:6:42:Infinity": 16,
				"s:45:24:49:Infinity": 17,
				"b:51:4:54:Infinity:undefined:undefined:undefined:undefined": 3,
				"s:51:4:54:Infinity": 18,
				"s:52:6:52:Infinity": 19,
				"s:53:6:53:Infinity": 20,
				"s:56:4:56:Infinity": 21,
				"s:57:4:57:Infinity": 22,
				"s:60:21:60:Infinity": 23,
				"s:61:26:61:Infinity": 24,
				"b:61:26:61:42:61:42:61:57:61:57:61:Infinity": 4,
				"s:63:1:117:Infinity": 25,
				"b:78:12:78:21:78:21:78:25": 5,
				"b:96:7:98:Infinity:100:7:105:Infinity": 6
			}
		}
	},
	"C:\\Users\\Jonao\\ecommerce-monorepo\\apps\\web\\src\\features\\cart\\components\\cart-order.tsx": {
		"path": "C:\\Users\\Jonao\\ecommerce-monorepo\\apps\\web\\src\\features\\cart\\components\\cart-order.tsx",
		"statementMap": {
			"0": {
				"start": { "line": 12, "column": 34 },
				"end": { "line": 12, "column": null }
			},
			"1": {
				"start": { "line": 14, "column": 25 },
				"end": { "line": 51, "column": null }
			},
			"2": {
				"start": { "line": 15, "column": 15 },
				"end": { "line": 15, "column": null }
			},
			"3": {
				"start": { "line": 16, "column": 7 },
				"end": { "line": 16, "column": null }
			},
			"4": {
				"start": { "line": 17, "column": 18 },
				"end": { "line": 17, "column": null }
			},
			"5": {
				"start": { "line": 18, "column": 15 },
				"end": { "line": 18, "column": null }
			},
			"6": {
				"start": { "line": 19, "column": 22 },
				"end": { "line": 19, "column": null }
			},
			"7": {
				"start": { "line": 20, "column": 1 },
				"end": { "line": 26, "column": null }
			},
			"8": {
				"start": { "line": 21, "column": 2 },
				"end": { "line": 24, "column": null }
			},
			"9": {
				"start": { "line": 28, "column": 1 },
				"end": { "line": 49, "column": null }
			}
		},
		"fnMap": {
			"0": {
				"name": "(anonymous_0)",
				"decl": {
					"start": { "line": 14, "column": 25 },
					"end": { "line": 14, "column": 26 }
				},
				"loc": {
					"start": { "line": 14, "column": 57 },
					"end": { "line": 51, "column": null }
				},
				"line": 14
			}
		},
		"branchMap": {
			"0": {
				"loc": {
					"start": { "line": 17, "column": 18 },
					"end": { "line": 17, "column": null }
				},
				"type": "cond-expr",
				"locations": [
					{
						"start": { "line": 17, "column": 37 },
						"end": { "line": 17, "column": 76 }
					},
					{
						"start": { "line": 17, "column": 76 },
						"end": { "line": 17, "column": null }
					}
				],
				"line": 17
			},
			"1": {
				"loc": {
					"start": { "line": 20, "column": 1 },
					"end": { "line": 26, "column": null }
				},
				"type": "if",
				"locations": [
					{
						"start": { "line": 20, "column": 1 },
						"end": { "line": 26, "column": null }
					},
					{ "start": {}, "end": {} }
				],
				"line": 20
			}
		},
		"s": {
			"0": 1,
			"1": 1,
			"2": 3,
			"3": 3,
			"4": 3,
			"5": 3,
			"6": 3,
			"7": 3,
			"8": 1,
			"9": 2
		},
		"f": { "0": 3 },
		"b": { "0": [2, 1], "1": [1, 2] },
		"meta": {
			"lastBranch": 2,
			"lastFunction": 1,
			"lastStatement": 10,
			"seen": {
				"s:12:34:12:Infinity": 0,
				"s:14:25:51:Infinity": 1,
				"f:14:25:14:26": 0,
				"s:15:15:15:Infinity": 2,
				"s:16:7:16:Infinity": 3,
				"s:17:18:17:Infinity": 4,
				"b:17:37:17:76:17:76:17:Infinity": 0,
				"s:18:15:18:Infinity": 5,
				"s:19:22:19:Infinity": 6,
				"b:20:1:26:Infinity:undefined:undefined:undefined:undefined": 1,
				"s:20:1:26:Infinity": 7,
				"s:21:2:24:Infinity": 8,
				"s:28:1:49:Infinity": 9
			}
		}
	},
	"C:\\Users\\Jonao\\ecommerce-monorepo\\apps\\web\\src\\features\\cart\\components\\cart-payment.tsx": {
		"path": "C:\\Users\\Jonao\\ecommerce-monorepo\\apps\\web\\src\\features\\cart\\components\\cart-payment.tsx",
		"statementMap": {
			"0": {
				"start": { "line": 14, "column": 27 },
				"end": { "line": 75, "column": null }
			},
			"1": {
				"start": { "line": 15, "column": 15 },
				"end": { "line": 15, "column": null }
			},
			"2": {
				"start": { "line": 16, "column": 20 },
				"end": { "line": 16, "column": null }
			},
			"3": {
				"start": { "line": 17, "column": 23 },
				"end": { "line": 23, "column": null }
			},
			"4": {
				"start": { "line": 25, "column": 25 },
				"end": { "line": 25, "column": null }
			},
			"5": {
				"start": { "line": 26, "column": 26 },
				"end": { "line": 26, "column": null }
			},
			"6": {
				"start": { "line": 28, "column": 1 },
				"end": { "line": 33, "column": null }
			},
			"7": {
				"start": { "line": 29, "column": 2 },
				"end": { "line": 32, "column": null }
			},
			"8": {
				"start": { "line": 30, "column": 3 },
				"end": { "line": 30, "column": null }
			},
			"9": {
				"start": { "line": 31, "column": 3 },
				"end": { "line": 31, "column": null }
			},
			"10": {
				"start": { "line": 35, "column": 1 },
				"end": { "line": 44, "column": null }
			},
			"11": {
				"start": { "line": 36, "column": 2 },
				"end": { "line": 42, "column": null }
			},
			"12": {
				"start": { "line": 46, "column": 15 },
				"end": { "line": 48, "column": null }
			},
			"13": {
				"start": { "line": 49, "column": 14 },
				"end": { "line": 49, "column": null }
			},
			"14": {
				"start": { "line": 50, "column": 19 },
				"end": { "line": 50, "column": null }
			},
			"15": {
				"start": { "line": 51, "column": 17 },
				"end": { "line": 53, "column": null }
			},
			"16": {
				"start": { "line": 54, "column": 1 },
				"end": { "line": 73, "column": null }
			}
		},
		"fnMap": {
			"0": {
				"name": "(anonymous_0)",
				"decl": {
					"start": { "line": 14, "column": 27 },
					"end": { "line": 14, "column": 28 }
				},
				"loc": {
					"start": { "line": 14, "column": 62 },
					"end": { "line": 75, "column": null }
				},
				"line": 14
			},
			"1": {
				"name": "(anonymous_1)",
				"decl": {
					"start": { "line": 28, "column": 11 },
					"end": { "line": 28, "column": 17 }
				},
				"loc": {
					"start": { "line": 28, "column": 17 },
					"end": { "line": 33, "column": 4 }
				},
				"line": 28
			}
		},
		"branchMap": {
			"0": {
				"loc": {
					"start": { "line": 26, "column": 34 },
					"end": { "line": 26, "column": 51 }
				},
				"type": "binary-expr",
				"locations": [
					{
						"start": { "line": 26, "column": 34 },
						"end": { "line": 26, "column": 44 }
					},
					{
						"start": { "line": 26, "column": 44 },
						"end": { "line": 26, "column": 51 }
					}
				],
				"line": 26
			},
			"1": {
				"loc": {
					"start": { "line": 29, "column": 2 },
					"end": { "line": 32, "column": null }
				},
				"type": "if",
				"locations": [
					{
						"start": { "line": 29, "column": 2 },
						"end": { "line": 32, "column": null }
					},
					{ "start": {}, "end": {} }
				],
				"line": 29
			},
			"2": {
				"loc": {
					"start": { "line": 35, "column": 1 },
					"end": { "line": 44, "column": null }
				},
				"type": "if",
				"locations": [
					{
						"start": { "line": 35, "column": 1 },
						"end": { "line": 44, "column": null }
					},
					{ "start": {}, "end": {} }
				],
				"line": 35
			},
			"3": {
				"loc": {
					"start": { "line": 46, "column": 15 },
					"end": { "line": 48, "column": null }
				},
				"type": "cond-expr",
				"locations": [
					{
						"start": { "line": 47, "column": 4 },
						"end": { "line": 47, "column": null }
					},
					{
						"start": { "line": 48, "column": 4 },
						"end": { "line": 48, "column": null }
					}
				],
				"line": 46
			},
			"4": {
				"loc": {
					"start": { "line": 49, "column": 14 },
					"end": { "line": 49, "column": null }
				},
				"type": "cond-expr",
				"locations": [
					{
						"start": { "line": 49, "column": 24 },
						"end": { "line": 49, "column": 38 }
					},
					{
						"start": { "line": 49, "column": 38 },
						"end": { "line": 49, "column": null }
					}
				],
				"line": 49
			},
			"5": {
				"loc": {
					"start": { "line": 50, "column": 19 },
					"end": { "line": 50, "column": null }
				},
				"type": "cond-expr",
				"locations": [
					{
						"start": { "line": 50, "column": 29 },
						"end": { "line": 50, "column": 41 }
					},
					{
						"start": { "line": 50, "column": 41 },
						"end": { "line": 50, "column": null }
					}
				],
				"line": 50
			},
			"6": {
				"loc": {
					"start": { "line": 51, "column": 17 },
					"end": { "line": 53, "column": null }
				},
				"type": "cond-expr",
				"locations": [
					{
						"start": { "line": 52, "column": 4 },
						"end": { "line": 52, "column": null }
					},
					{
						"start": { "line": 53, "column": 4 },
						"end": { "line": 53, "column": null }
					}
				],
				"line": 51
			}
		},
		"s": {
			"0": 1,
			"1": 4,
			"2": 4,
			"3": 4,
			"4": 4,
			"5": 4,
			"6": 4,
			"7": 3,
			"8": 1,
			"9": 1,
			"10": 4,
			"11": 2,
			"12": 2,
			"13": 4,
			"14": 4,
			"15": 4,
			"16": 4
		},
		"f": { "0": 4, "1": 3 },
		"b": {
			"0": [4, 1],
			"1": [1, 2],
			"2": [2, 2],
			"3": [1, 1],
			"4": [1, 1],
			"5": [1, 1],
			"6": [1, 1]
		},
		"meta": {
			"lastBranch": 7,
			"lastFunction": 2,
			"lastStatement": 17,
			"seen": {
				"s:14:27:75:Infinity": 0,
				"f:14:27:14:28": 0,
				"s:15:15:15:Infinity": 1,
				"s:16:20:16:Infinity": 2,
				"s:17:23:23:Infinity": 3,
				"s:25:25:25:Infinity": 4,
				"s:26:26:26:Infinity": 5,
				"b:26:34:26:44:26:44:26:51": 0,
				"s:28:1:33:Infinity": 6,
				"f:28:11:28:17": 1,
				"b:29:2:32:Infinity:undefined:undefined:undefined:undefined": 1,
				"s:29:2:32:Infinity": 7,
				"s:30:3:30:Infinity": 8,
				"s:31:3:31:Infinity": 9,
				"b:35:1:44:Infinity:undefined:undefined:undefined:undefined": 2,
				"s:35:1:44:Infinity": 10,
				"s:36:2:42:Infinity": 11,
				"s:46:15:48:Infinity": 12,
				"b:47:4:47:Infinity:48:4:48:Infinity": 3,
				"s:49:14:49:Infinity": 13,
				"b:49:24:49:38:49:38:49:Infinity": 4,
				"s:50:19:50:Infinity": 14,
				"b:50:29:50:41:50:41:50:Infinity": 5,
				"s:51:17:53:Infinity": 15,
				"b:52:4:52:Infinity:53:4:53:Infinity": 6,
				"s:54:1:73:Infinity": 16
			}
		}
	},
	"C:\\Users\\Jonao\\ecommerce-monorepo\\apps\\web\\src\\features\\cart\\components\\form\\checkout-form.tsx": {
		"path": "C:\\Users\\Jonao\\ecommerce-monorepo\\apps\\web\\src\\features\\cart\\components\\form\\checkout-form.tsx",
		"statementMap": {
			"0": {
				"start": { "line": 43, "column": 6 },
				"end": { "line": 45, "column": null }
			},
			"1": {
				"start": { "line": 47, "column": 28 },
				"end": { "line": 160, "column": null }
			},
			"2": {
				"start": { "line": 52, "column": 17 },
				"end": { "line": 52, "column": null }
			},
			"3": {
				"start": { "line": 54, "column": 41 },
				"end": { "line": 54, "column": null }
			},
			"4": {
				"start": { "line": 55, "column": 31 },
				"end": { "line": 55, "column": null }
			},
			"5": {
				"start": { "line": 56, "column": 27 },
				"end": { "line": 56, "column": null }
			},
			"6": {
				"start": { "line": 57, "column": 37 },
				"end": { "line": 57, "column": null }
			},
			"7": {
				"start": { "line": 58, "column": 27 },
				"end": { "line": 66, "column": null }
			},
			"8": {
				"start": { "line": 68, "column": 27 },
				"end": { "line": 68, "column": null }
			},
			"9": {
				"start": { "line": 69, "column": 38 },
				"end": { "line": 69, "column": null }
			},
			"10": {
				"start": { "line": 71, "column": 7 },
				"end": { "line": 71, "column": null }
			},
			"11": {
				"start": { "line": 72, "column": 16 },
				"end": { "line": 72, "column": null }
			},
			"12": {
				"start": { "line": 74, "column": 22 },
				"end": { "line": 115, "column": null }
			},
			"13": {
				"start": { "line": 75, "column": 4 },
				"end": { "line": 75, "column": null }
			},
			"14": {
				"start": { "line": 76, "column": 4 },
				"end": { "line": 76, "column": null }
			},
			"15": {
				"start": { "line": 77, "column": 4 },
				"end": { "line": 77, "column": null }
			},
			"16": {
				"start": { "line": 79, "column": 4 },
				"end": { "line": 83, "column": null }
			},
			"17": {
				"start": { "line": 80, "column": 6 },
				"end": { "line": 80, "column": null }
			},
			"18": {
				"start": { "line": 81, "column": 6 },
				"end": { "line": 81, "column": null }
			},
			"19": {
				"start": { "line": 82, "column": 6 },
				"end": { "line": 82, "column": null }
			},
			"20": {
				"start": { "line": 85, "column": 4 },
				"end": { "line": 89, "column": null }
			},
			"21": {
				"start": { "line": 86, "column": 6 },
				"end": { "line": 86, "column": null }
			},
			"22": {
				"start": { "line": 87, "column": 6 },
				"end": { "line": 87, "column": null }
			},
			"23": {
				"start": { "line": 88, "column": 6 },
				"end": { "line": 88, "column": null }
			},
			"24": {
				"start": { "line": 91, "column": 26 },
				"end": { "line": 94, "column": null }
			},
			"25": {
				"start": { "line": 96, "column": 4 },
				"end": { "line": 100, "column": null }
			},
			"26": {
				"start": { "line": 97, "column": 6 },
				"end": { "line": 97, "column": null }
			},
			"27": {
				"start": { "line": 98, "column": 6 },
				"end": { "line": 98, "column": null }
			},
			"28": {
				"start": { "line": 99, "column": 6 },
				"end": { "line": 99, "column": null }
			},
			"29": {
				"start": { "line": 102, "column": 26 },
				"end": { "line": 105, "column": null }
			},
			"30": {
				"start": { "line": 107, "column": 4 },
				"end": { "line": 111, "column": null }
			},
			"31": {
				"start": { "line": 108, "column": 6 },
				"end": { "line": 108, "column": null }
			},
			"32": {
				"start": { "line": 109, "column": 6 },
				"end": { "line": 109, "column": null }
			},
			"33": {
				"start": { "line": 110, "column": 6 },
				"end": { "line": 110, "column": null }
			},
			"34": {
				"start": { "line": 113, "column": 4 },
				"end": { "line": 113, "column": null }
			},
			"35": {
				"start": { "line": 114, "column": 4 },
				"end": { "line": 114, "column": null }
			},
			"36": {
				"start": { "line": 117, "column": 1 },
				"end": { "line": 158, "column": null }
			}
		},
		"fnMap": {
			"0": {
				"name": "(anonymous_0)",
				"decl": {
					"start": { "line": 47, "column": 28 },
					"end": { "line": 47, "column": 29 }
				},
				"loc": {
					"start": { "line": 51, "column": 25 },
					"end": { "line": 160, "column": null }
				},
				"line": 51
			},
			"1": {
				"name": "(anonymous_1)",
				"decl": {
					"start": { "line": 74, "column": 22 },
					"end": { "line": 74, "column": 29 }
				},
				"loc": {
					"start": { "line": 74, "column": 50 },
					"end": { "line": 115, "column": null }
				},
				"line": 74
			}
		},
		"branchMap": {
			"0": {
				"loc": {
					"start": { "line": 79, "column": 4 },
					"end": { "line": 83, "column": null }
				},
				"type": "if",
				"locations": [
					{
						"start": { "line": 79, "column": 4 },
						"end": { "line": 83, "column": null }
					},
					{ "start": {}, "end": {} }
				],
				"line": 79
			},
			"1": {
				"loc": {
					"start": { "line": 85, "column": 4 },
					"end": { "line": 89, "column": null }
				},
				"type": "if",
				"locations": [
					{
						"start": { "line": 85, "column": 4 },
						"end": { "line": 89, "column": null }
					},
					{ "start": {}, "end": {} }
				],
				"line": 85
			},
			"2": {
				"loc": {
					"start": { "line": 85, "column": 8 },
					"end": { "line": 85, "column": 40 }
				},
				"type": "binary-expr",
				"locations": [
					{
						"start": { "line": 85, "column": 8 },
						"end": { "line": 85, "column": 20 }
					},
					{
						"start": { "line": 85, "column": 20 },
						"end": { "line": 85, "column": 40 }
					}
				],
				"line": 85
			},
			"3": {
				"loc": {
					"start": { "line": 96, "column": 4 },
					"end": { "line": 100, "column": null }
				},
				"type": "if",
				"locations": [
					{
						"start": { "line": 96, "column": 4 },
						"end": { "line": 100, "column": null }
					},
					{ "start": {}, "end": {} }
				],
				"line": 96
			},
			"4": {
				"loc": {
					"start": { "line": 107, "column": 4 },
					"end": { "line": 111, "column": null }
				},
				"type": "if",
				"locations": [
					{
						"start": { "line": 107, "column": 4 },
						"end": { "line": 111, "column": null }
					},
					{ "start": {}, "end": {} }
				],
				"line": 107
			},
			"5": {
				"loc": {
					"start": { "line": 129, "column": 4 },
					"end": { "line": 144, "column": null }
				},
				"type": "cond-expr",
				"locations": [
					{
						"start": { "line": 130, "column": 4 },
						"end": { "line": 140, "column": null }
					},
					{
						"start": { "line": 142, "column": 4 },
						"end": { "line": 144, "column": null }
					}
				],
				"line": 129
			},
			"6": {
				"loc": {
					"start": { "line": 136, "column": 6 },
					"end": { "line": 138, "column": null }
				},
				"type": "cond-expr",
				"locations": [
					{
						"start": { "line": 137, "column": 8 },
						"end": { "line": 137, "column": null }
					},
					{
						"start": { "line": 138, "column": 8 },
						"end": { "line": 138, "column": null }
					}
				],
				"line": 136
			},
			"7": {
				"loc": {
					"start": { "line": 155, "column": 4 },
					"end": { "line": 156, "column": null }
				},
				"type": "binary-expr",
				"locations": [
					{
						"start": { "line": 155, "column": 4 },
						"end": { "line": 155, "column": null }
					},
					{
						"start": { "line": 156, "column": 4 },
						"end": { "line": 156, "column": null }
					}
				],
				"line": 155
			}
		},
		"s": {
			"0": 1,
			"1": 1,
			"2": 104,
			"3": 104,
			"4": 104,
			"5": 104,
			"6": 104,
			"7": 104,
			"8": 104,
			"9": 104,
			"10": 104,
			"11": 104,
			"12": 104,
			"13": 2,
			"14": 2,
			"15": 2,
			"16": 2,
			"17": 0,
			"18": 0,
			"19": 0,
			"20": 2,
			"21": 0,
			"22": 0,
			"23": 0,
			"24": 2,
			"25": 2,
			"26": 0,
			"27": 0,
			"28": 0,
			"29": 2,
			"30": 2,
			"31": 1,
			"32": 1,
			"33": 1,
			"34": 1,
			"35": 1,
			"36": 104
		},
		"f": { "0": 104, "1": 2 },
		"b": {
			"0": [0, 2],
			"1": [0, 2],
			"2": [2, 2],
			"3": [0, 2],
			"4": [1, 1],
			"5": [103, 1],
			"6": [2, 101],
			"7": [104, 1]
		},
		"meta": {
			"lastBranch": 8,
			"lastFunction": 2,
			"lastStatement": 37,
			"seen": {
				"s:43:6:45:Infinity": 0,
				"s:47:28:160:Infinity": 1,
				"f:47:28:47:29": 0,
				"s:52:17:52:Infinity": 2,
				"s:54:41:54:Infinity": 3,
				"s:55:31:55:Infinity": 4,
				"s:56:27:56:Infinity": 5,
				"s:57:37:57:Infinity": 6,
				"s:58:27:66:Infinity": 7,
				"s:68:27:68:Infinity": 8,
				"s:69:38:69:Infinity": 9,
				"s:71:7:71:Infinity": 10,
				"s:72:16:72:Infinity": 11,
				"s:74:22:115:Infinity": 12,
				"f:74:22:74:29": 1,
				"s:75:4:75:Infinity": 13,
				"s:76:4:76:Infinity": 14,
				"s:77:4:77:Infinity": 15,
				"b:79:4:83:Infinity:undefined:undefined:undefined:undefined": 0,
				"s:79:4:83:Infinity": 16,
				"s:80:6:80:Infinity": 17,
				"s:81:6:81:Infinity": 18,
				"s:82:6:82:Infinity": 19,
				"b:85:4:89:Infinity:undefined:undefined:undefined:undefined": 1,
				"s:85:4:89:Infinity": 20,
				"b:85:8:85:20:85:20:85:40": 2,
				"s:86:6:86:Infinity": 21,
				"s:87:6:87:Infinity": 22,
				"s:88:6:88:Infinity": 23,
				"s:91:26:94:Infinity": 24,
				"b:96:4:100:Infinity:undefined:undefined:undefined:undefined": 3,
				"s:96:4:100:Infinity": 25,
				"s:97:6:97:Infinity": 26,
				"s:98:6:98:Infinity": 27,
				"s:99:6:99:Infinity": 28,
				"s:102:26:105:Infinity": 29,
				"b:107:4:111:Infinity:undefined:undefined:undefined:undefined": 4,
				"s:107:4:111:Infinity": 30,
				"s:108:6:108:Infinity": 31,
				"s:109:6:109:Infinity": 32,
				"s:110:6:110:Infinity": 33,
				"s:113:4:113:Infinity": 34,
				"s:114:4:114:Infinity": 35,
				"s:117:1:158:Infinity": 36,
				"b:130:4:140:Infinity:142:4:144:Infinity": 5,
				"b:137:8:137:Infinity:138:8:138:Infinity": 6,
				"b:155:4:155:Infinity:156:4:156:Infinity": 7
			}
		}
	},
	"C:\\Users\\Jonao\\ecommerce-monorepo\\apps\\web\\src\\features\\cart\\components\\form\\form-address.tsx": {
		"path": "C:\\Users\\Jonao\\ecommerce-monorepo\\apps\\web\\src\\features\\cart\\components\\form\\form-address.tsx",
		"statementMap": {
			"0": {
				"start": { "line": 19, "column": 27 },
				"end": { "line": 101, "column": null }
			},
			"1": {
				"start": { "line": 24, "column": 22 },
				"end": { "line": 27, "column": null }
			},
			"2": {
				"start": { "line": 25, "column": 26 },
				"end": { "line": 25, "column": null }
			},
			"3": {
				"start": { "line": 26, "column": 2 },
				"end": { "line": 26, "column": null }
			},
			"4": {
				"start": { "line": 28, "column": 1 },
				"end": { "line": 99, "column": null }
			},
			"5": {
				"start": { "line": 84, "column": 32 },
				"end": { "line": 84, "column": null }
			},
			"6": {
				"start": { "line": 91, "column": 8 },
				"end": { "line": 93, "column": null }
			}
		},
		"fnMap": {
			"0": {
				"name": "(anonymous_0)",
				"decl": {
					"start": { "line": 19, "column": 27 },
					"end": { "line": 19, "column": 28 }
				},
				"loc": {
					"start": { "line": 23, "column": 24 },
					"end": { "line": 101, "column": null }
				},
				"line": 23
			},
			"1": {
				"name": "(anonymous_1)",
				"decl": {
					"start": { "line": 24, "column": 22 },
					"end": { "line": 24, "column": 23 }
				},
				"loc": {
					"start": { "line": 24, "column": 60 },
					"end": { "line": 27, "column": null }
				},
				"line": 24
			},
			"2": {
				"name": "(anonymous_2)",
				"decl": {
					"start": { "line": 84, "column": 21 },
					"end": { "line": 84, "column": 22 }
				},
				"loc": {
					"start": { "line": 84, "column": 32 },
					"end": { "line": 84, "column": null }
				},
				"line": 84
			},
			"3": {
				"name": "(anonymous_3)",
				"decl": {
					"start": { "line": 90, "column": 19 },
					"end": { "line": 90, "column": 20 }
				},
				"loc": {
					"start": { "line": 91, "column": 8 },
					"end": { "line": 93, "column": null }
				},
				"line": 91
			}
		},
		"branchMap": {},
		"s": { "0": 1, "1": 104, "2": 94, "3": 94, "4": 104, "5": 2, "6": 208 },
		"f": { "0": 104, "1": 94, "2": 2, "3": 208 },
		"b": {},
		"meta": {
			"lastBranch": 0,
			"lastFunction": 4,
			"lastStatement": 7,
			"seen": {
				"s:19:27:101:Infinity": 0,
				"f:19:27:19:28": 0,
				"s:24:22:27:Infinity": 1,
				"f:24:22:24:23": 1,
				"s:25:26:25:Infinity": 2,
				"s:26:2:26:Infinity": 3,
				"s:28:1:99:Infinity": 4,
				"f:84:21:84:22": 2,
				"s:84:32:84:Infinity": 5,
				"f:90:19:90:20": 3,
				"s:91:8:93:Infinity": 6
			}
		}
	},
	"C:\\Users\\Jonao\\ecommerce-monorepo\\apps\\web\\src\\features\\cart\\components\\form\\form-delivery-option.tsx": {
		"path": "C:\\Users\\Jonao\\ecommerce-monorepo\\apps\\web\\src\\features\\cart\\components\\form\\form-delivery-option.tsx",
		"statementMap": {
			"0": {
				"start": { "line": 9, "column": 34 },
				"end": { "line": 91, "column": null }
			},
			"1": {
				"start": { "line": 13, "column": 25 },
				"end": { "line": 24, "column": null }
			},
			"2": {
				"start": { "line": 14, "column": 17 },
				"end": { "line": 14, "column": null }
			},
			"3": {
				"start": { "line": 15, "column": 18 },
				"end": { "line": 15, "column": null }
			},
			"4": {
				"start": { "line": 17, "column": 2 },
				"end": { "line": 21, "column": null }
			},
			"5": {
				"start": { "line": 18, "column": 3 },
				"end": { "line": 18, "column": null }
			},
			"6": {
				"start": { "line": 19, "column": 15 },
				"end": { "line": 19, "column": null }
			},
			"7": {
				"start": { "line": 20, "column": 3 },
				"end": { "line": 20, "column": null }
			},
			"8": {
				"start": { "line": 20, "column": 31 },
				"end": { "line": 20, "column": null }
			},
			"9": {
				"start": { "line": 23, "column": 2 },
				"end": { "line": 23, "column": null }
			},
			"10": {
				"start": { "line": 26, "column": 19 },
				"end": { "line": 26, "column": null }
			},
			"11": {
				"start": { "line": 27, "column": 30 },
				"end": { "line": 27, "column": null }
			},
			"12": {
				"start": { "line": 29, "column": 31 },
				"end": { "line": 35, "column": null }
			},
			"13": {
				"start": { "line": 37, "column": 1 },
				"end": { "line": 89, "column": null }
			}
		},
		"fnMap": {
			"0": {
				"name": "(anonymous_0)",
				"decl": {
					"start": { "line": 9, "column": 34 },
					"end": { "line": 9, "column": 35 }
				},
				"loc": {
					"start": { "line": 12, "column": 31 },
					"end": { "line": 91, "column": null }
				},
				"line": 12
			},
			"1": {
				"name": "(anonymous_1)",
				"decl": {
					"start": { "line": 13, "column": 25 },
					"end": { "line": 13, "column": 26 }
				},
				"loc": {
					"start": { "line": 13, "column": 55 },
					"end": { "line": 24, "column": null }
				},
				"line": 13
			}
		},
		"branchMap": {
			"0": {
				"loc": {
					"start": { "line": 20, "column": 3 },
					"end": { "line": 20, "column": null }
				},
				"type": "if",
				"locations": [
					{
						"start": { "line": 20, "column": 3 },
						"end": { "line": 20, "column": null }
					},
					{ "start": {}, "end": {} }
				],
				"line": 20
			},
			"1": {
				"loc": {
					"start": { "line": 20, "column": 7 },
					"end": { "line": 20, "column": 31 }
				},
				"type": "binary-expr",
				"locations": [
					{
						"start": { "line": 20, "column": 7 },
						"end": { "line": 20, "column": 20 }
					},
					{
						"start": { "line": 20, "column": 20 },
						"end": { "line": 20, "column": 31 }
					}
				],
				"line": 20
			},
			"2": {
				"loc": {
					"start": { "line": 50, "column": 6 },
					"end": { "line": 52, "column": null }
				},
				"type": "cond-expr",
				"locations": [
					{
						"start": { "line": 51, "column": 9 },
						"end": { "line": 51, "column": null }
					},
					{
						"start": { "line": 52, "column": 9 },
						"end": { "line": 52, "column": null }
					}
				],
				"line": 50
			},
			"3": {
				"loc": {
					"start": { "line": 70, "column": 6 },
					"end": { "line": 72, "column": null }
				},
				"type": "cond-expr",
				"locations": [
					{
						"start": { "line": 71, "column": 9 },
						"end": { "line": 71, "column": null }
					},
					{
						"start": { "line": 72, "column": 9 },
						"end": { "line": 72, "column": null }
					}
				],
				"line": 70
			}
		},
		"s": {
			"0": 1,
			"1": 104,
			"2": 104,
			"3": 104,
			"4": 104,
			"5": 624,
			"6": 624,
			"7": 624,
			"8": 520,
			"9": 104,
			"10": 104,
			"11": 104,
			"12": 104,
			"13": 104
		},
		"f": { "0": 104, "1": 104 },
		"b": { "0": [520, 104], "1": [624, 520], "2": [0, 104], "3": [104, 0] },
		"meta": {
			"lastBranch": 4,
			"lastFunction": 2,
			"lastStatement": 14,
			"seen": {
				"s:9:34:91:Infinity": 0,
				"f:9:34:9:35": 0,
				"s:13:25:24:Infinity": 1,
				"f:13:25:13:26": 1,
				"s:14:17:14:Infinity": 2,
				"s:15:18:15:Infinity": 3,
				"s:17:2:21:Infinity": 4,
				"s:18:3:18:Infinity": 5,
				"s:19:15:19:Infinity": 6,
				"b:20:3:20:Infinity:undefined:undefined:undefined:undefined": 0,
				"s:20:3:20:Infinity": 7,
				"b:20:7:20:20:20:20:20:31": 1,
				"s:20:31:20:Infinity": 8,
				"s:23:2:23:Infinity": 9,
				"s:26:19:26:Infinity": 10,
				"s:27:30:27:Infinity": 11,
				"s:29:31:35:Infinity": 12,
				"s:37:1:89:Infinity": 13,
				"b:51:9:51:Infinity:52:9:52:Infinity": 2,
				"b:71:9:71:Infinity:72:9:72:Infinity": 3
			}
		}
	},
	"C:\\Users\\Jonao\\ecommerce-monorepo\\apps\\web\\src\\features\\cart\\components\\form\\form-payment.tsx": {
		"path": "C:\\Users\\Jonao\\ecommerce-monorepo\\apps\\web\\src\\features\\cart\\components\\form\\form-payment.tsx",
		"statementMap": {
			"0": {
				"start": { "line": 13, "column": 33 },
				"end": { "line": 63, "column": null }
			},
			"1": {
				"start": { "line": 14, "column": 7 },
				"end": { "line": 14, "column": null }
			},
			"2": {
				"start": { "line": 15, "column": 7 },
				"end": { "line": 15, "column": null }
			},
			"3": {
				"start": { "line": 16, "column": 31 },
				"end": { "line": 16, "column": null }
			},
			"4": {
				"start": { "line": 17, "column": 27 },
				"end": { "line": 17, "column": null }
			},
			"5": {
				"start": { "line": 18, "column": 17 },
				"end": { "line": 18, "column": null }
			},
			"6": {
				"start": { "line": 19, "column": 23 },
				"end": { "line": 37, "column": null }
			},
			"7": {
				"start": { "line": 20, "column": 2 },
				"end": { "line": 20, "column": null }
			},
			"8": {
				"start": { "line": 20, "column": 28 },
				"end": { "line": 20, "column": null }
			},
			"9": {
				"start": { "line": 22, "column": 2 },
				"end": { "line": 22, "column": null }
			},
			"10": {
				"start": { "line": 23, "column": 2 },
				"end": { "line": 23, "column": null }
			},
			"11": {
				"start": { "line": 25, "column": 20 },
				"end": { "line": 30, "column": null }
			},
			"12": {
				"start": { "line": 32, "column": 2 },
				"end": { "line": 34, "column": null }
			},
			"13": {
				"start": { "line": 33, "column": 3 },
				"end": { "line": 33, "column": null }
			},
			"14": {
				"start": { "line": 36, "column": 2 },
				"end": { "line": 36, "column": null }
			},
			"15": {
				"start": { "line": 39, "column": 1 },
				"end": { "line": 61, "column": null }
			}
		},
		"fnMap": {
			"0": {
				"name": "(anonymous_0)",
				"decl": {
					"start": { "line": 13, "column": 33 },
					"end": { "line": 13, "column": 39 }
				},
				"loc": {
					"start": { "line": 13, "column": 39 },
					"end": { "line": 63, "column": null }
				},
				"line": 13
			},
			"1": {
				"name": "(anonymous_1)",
				"decl": {
					"start": { "line": 19, "column": 23 },
					"end": { "line": 19, "column": 35 }
				},
				"loc": {
					"start": { "line": 19, "column": 35 },
					"end": { "line": 37, "column": null }
				},
				"line": 19
			}
		},
		"branchMap": {
			"0": {
				"loc": {
					"start": { "line": 20, "column": 2 },
					"end": { "line": 20, "column": null }
				},
				"type": "if",
				"locations": [
					{
						"start": { "line": 20, "column": 2 },
						"end": { "line": 20, "column": null }
					},
					{ "start": {}, "end": {} }
				],
				"line": 20
			},
			"1": {
				"loc": {
					"start": { "line": 20, "column": 6 },
					"end": { "line": 20, "column": 28 }
				},
				"type": "binary-expr",
				"locations": [
					{
						"start": { "line": 20, "column": 6 },
						"end": { "line": 20, "column": 17 }
					},
					{
						"start": { "line": 20, "column": 17 },
						"end": { "line": 20, "column": 28 }
					}
				],
				"line": 20
			},
			"2": {
				"loc": {
					"start": { "line": 32, "column": 2 },
					"end": { "line": 34, "column": null }
				},
				"type": "if",
				"locations": [
					{
						"start": { "line": 32, "column": 2 },
						"end": { "line": 34, "column": null }
					},
					{ "start": {}, "end": {} }
				],
				"line": 32
			},
			"3": {
				"loc": {
					"start": { "line": 33, "column": 14 },
					"end": { "line": 33, "column": 60 }
				},
				"type": "binary-expr",
				"locations": [
					{
						"start": { "line": 33, "column": 14 },
						"end": { "line": 33, "column": 31 }
					},
					{
						"start": { "line": 33, "column": 31 },
						"end": { "line": 33, "column": 60 }
					}
				],
				"line": 33
			},
			"4": {
				"loc": {
					"start": { "line": 48, "column": 4 },
					"end": { "line": 49, "column": null }
				},
				"type": "binary-expr",
				"locations": [
					{
						"start": { "line": 48, "column": 4 },
						"end": { "line": 48, "column": null }
					},
					{
						"start": { "line": 49, "column": 4 },
						"end": { "line": 49, "column": null }
					}
				],
				"line": 48
			},
			"5": {
				"loc": {
					"start": { "line": 55, "column": 14 },
					"end": { "line": 55, "column": null }
				},
				"type": "binary-expr",
				"locations": [
					{
						"start": { "line": 55, "column": 14 },
						"end": { "line": 55, "column": 27 }
					},
					{
						"start": { "line": 55, "column": 27 },
						"end": { "line": 55, "column": 38 }
					},
					{
						"start": { "line": 55, "column": 38 },
						"end": { "line": 55, "column": null }
					}
				],
				"line": 55
			},
			"6": {
				"loc": {
					"start": { "line": 58, "column": 5 },
					"end": { "line": 58, "column": null }
				},
				"type": "cond-expr",
				"locations": [
					{
						"start": { "line": 58, "column": 17 },
						"end": { "line": 58, "column": 36 }
					},
					{
						"start": { "line": 58, "column": 36 },
						"end": { "line": 58, "column": null }
					}
				],
				"line": 58
			}
		},
		"s": {
			"0": 0,
			"1": 0,
			"2": 0,
			"3": 0,
			"4": 0,
			"5": 0,
			"6": 0,
			"7": 0,
			"8": 0,
			"9": 0,
			"10": 0,
			"11": 0,
			"12": 0,
			"13": 0,
			"14": 0,
			"15": 0
		},
		"f": { "0": 0, "1": 0 },
		"b": {
			"0": [0, 0],
			"1": [0, 0],
			"2": [0, 0],
			"3": [0, 0],
			"4": [0, 0],
			"5": [0, 0, 0],
			"6": [0, 0]
		},
		"meta": {
			"lastBranch": 7,
			"lastFunction": 2,
			"lastStatement": 16,
			"seen": {
				"s:13:33:63:Infinity": 0,
				"f:13:33:13:39": 0,
				"s:14:7:14:Infinity": 1,
				"s:15:7:15:Infinity": 2,
				"s:16:31:16:Infinity": 3,
				"s:17:27:17:Infinity": 4,
				"s:18:17:18:Infinity": 5,
				"s:19:23:37:Infinity": 6,
				"f:19:23:19:35": 1,
				"b:20:2:20:Infinity:undefined:undefined:undefined:undefined": 0,
				"s:20:2:20:Infinity": 7,
				"b:20:6:20:17:20:17:20:28": 1,
				"s:20:28:20:Infinity": 8,
				"s:22:2:22:Infinity": 9,
				"s:23:2:23:Infinity": 10,
				"s:25:20:30:Infinity": 11,
				"b:32:2:34:Infinity:undefined:undefined:undefined:undefined": 2,
				"s:32:2:34:Infinity": 12,
				"s:33:3:33:Infinity": 13,
				"b:33:14:33:31:33:31:33:60": 3,
				"s:36:2:36:Infinity": 14,
				"s:39:1:61:Infinity": 15,
				"b:48:4:48:Infinity:49:4:49:Infinity": 4,
				"b:55:14:55:27:55:27:55:38:55:38:55:Infinity": 5,
				"b:58:17:58:36:58:36:58:Infinity": 6
			}
		}
	},
	"C:\\Users\\Jonao\\ecommerce-monorepo\\apps\\web\\src\\features\\cart\\components\\ui\\cart-items.tsx": {
		"path": "C:\\Users\\Jonao\\ecommerce-monorepo\\apps\\web\\src\\features\\cart\\components\\ui\\cart-items.tsx",
		"statementMap": {
			"0": {
				"start": { "line": 6, "column": 25 },
				"end": { "line": 41, "column": null }
			},
			"1": {
				"start": { "line": 7, "column": 1 },
				"end": { "line": 13, "column": null }
			},
			"2": {
				"start": { "line": 8, "column": 2 },
				"end": { "line": 10, "column": null }
			},
			"3": {
				"start": { "line": 15, "column": 1 },
				"end": { "line": 19, "column": null }
			},
			"4": {
				"start": { "line": 18, "column": 4 },
				"end": { "line": 19, "column": null }
			},
			"5": {
				"start": { "line": 8, "column": 2 },
				"end": { "line": 11, "column": null }
			},
			"6": {
				"start": { "line": 15, "column": 1 },
				"end": { "line": 39, "column": null }
			},
			"7": {
				"start": { "line": 18, "column": 4 },
				"end": { "line": 37, "column": null }
			}
		},
		"fnMap": {
			"0": {
				"name": "(anonymous_0)",
				"decl": {
					"start": { "line": 6, "column": 25 },
					"end": { "line": 6, "column": 26 }
				},
				"loc": {
					"start": { "line": 6, "column": 54 },
					"end": { "line": 41, "column": null }
				},
				"line": 6
			},
			"1": {
				"name": "(anonymous_1)",
				"decl": {
					"start": { "line": 17, "column": 14 },
					"end": { "line": 17, "column": 15 }
				},
				"loc": {
					"start": { "line": 18, "column": 4 },
					"end": { "line": 19, "column": null }
				},
				"line": 18
			},
			"2": {
				"name": "(anonymous_0)",
				"decl": {
					"start": { "line": 6, "column": 25 },
					"end": { "line": 6, "column": 26 }
				},
				"loc": {
					"start": { "line": 6, "column": 56 },
					"end": { "line": 41, "column": null }
				},
				"line": 6
			},
			"3": {
				"name": "(anonymous_1)",
				"decl": {
					"start": { "line": 17, "column": 14 },
					"end": { "line": 17, "column": 15 }
				},
				"loc": {
					"start": { "line": 18, "column": 4 },
					"end": { "line": 37, "column": null }
				},
				"line": 18
			}
		},
		"branchMap": {
			"0": {
				"loc": {
					"start": { "line": 7, "column": 1 },
					"end": { "line": 13, "column": null }
				},
				"type": "if",
				"locations": [
					{
						"start": { "line": 7, "column": 1 },
						"end": { "line": 13, "column": null }
					},
					{ "start": {}, "end": {} }
				],
				"line": 7
			},
			"1": {
				"loc": {
					"start": { "line": 7, "column": 5 },
					"end": { "line": 7, "column": 35 }
				},
				"type": "binary-expr",
				"locations": [
					{
						"start": { "line": 7, "column": 5 },
						"end": { "line": 7, "column": 15 }
					},
					{
						"start": { "line": 7, "column": 15 },
						"end": { "line": 7, "column": 35 }
					}
				],
				"line": 7
			}
		},
		"s": { "0": 2, "1": 6, "2": 2, "3": 4, "4": 5, "5": 3, "6": 4, "7": 4 },
		"f": { "0": 2, "1": 5, "2": 6, "3": 5 },
		"b": { "0": [2, 4], "1": [6, 6] },
		"meta": {
			"lastBranch": 2,
			"lastFunction": 2,
			"lastStatement": 5,
			"seen": {
				"s:6:25:41:Infinity": 0,
				"f:6:25:6:26": 0,
				"b:7:1:13:Infinity:undefined:undefined:undefined:undefined": 0,
				"s:7:1:13:Infinity": 1,
				"b:7:5:7:15:7:15:7:35": 1,
				"s:8:2:10:Infinity": 2,
				"s:15:1:19:Infinity": 3,
				"f:17:14:17:15": 1,
				"s:18:4:19:Infinity": 4
			}
		}
	},
	"C:\\Users\\Jonao\\ecommerce-monorepo\\apps\\web\\src\\features\\cart\\components\\ui\\cart-order-summary.tsx": {
		"path": "C:\\Users\\Jonao\\ecommerce-monorepo\\apps\\web\\src\\features\\cart\\components\\ui\\cart-order-summary.tsx",
		"statementMap": {
			"0": {
				"start": { "line": 10, "column": 23 },
				"end": { "line": 15, "column": null }
			},
			"1": {
				"start": { "line": 11, "column": 2 },
				"end": { "line": 14, "column": null }
			},
			"2": {
				"start": { "line": 17, "column": 28 },
				"end": { "line": 89, "column": null }
			},
			"3": {
				"start": { "line": 22, "column": 20 },
				"end": { "line": 22, "column": null }
			},
			"4": {
				"start": { "line": 24, "column": 21 },
				"end": { "line": 24, "column": null }
			},
			"5": {
				"start": { "line": 26, "column": 2 },
				"end": { "line": 58, "column": null }
			},
			"6": {
				"start": { "line": 57, "column": 12 },
				"end": { "line": 58, "column": null }
			},
			"7": {
				"start": { "line": 22, "column": 16 },
				"end": { "line": 22, "column": null }
			},
			"8": {
				"start": { "line": 26, "column": 2 },
				"end": { "line": 87, "column": null }
			},
			"9": {
				"start": { "line": 57, "column": 12 },
				"end": { "line": 83, "column": null }
			}
		},
		"fnMap": {
			"0": {
				"name": "(anonymous_0)",
				"decl": {
					"start": { "line": 10, "column": 23 },
					"end": { "line": 10, "column": 24 }
				},
				"loc": {
					"start": { "line": 10, "column": 31 },
					"end": { "line": 15, "column": null }
				},
				"line": 10
			},
			"1": {
				"name": "(anonymous_1)",
				"decl": {
					"start": { "line": 17, "column": 28 },
					"end": { "line": 17, "column": 29 }
				},
				"loc": {
					"start": { "line": 21, "column": 23 },
					"end": { "line": 89, "column": null }
				},
				"line": 21
			},
			"2": {
				"name": "(anonymous_2)",
				"decl": {
					"start": { "line": 56, "column": 21 },
					"end": { "line": 56, "column": 22 }
				},
				"loc": {
					"start": { "line": 57, "column": 12 },
					"end": { "line": 58, "column": null }
				},
				"line": 57
			},
			"3": {
				"name": "(anonymous_0)",
				"decl": {
					"start": { "line": 10, "column": 23 },
					"end": { "line": 10, "column": 24 }
				},
				"loc": {
					"start": { "line": 10, "column": 42 },
					"end": { "line": 15, "column": null }
				},
				"line": 10
			},
			"4": {
				"name": "(anonymous_1)",
				"decl": {
					"start": { "line": 17, "column": 28 },
					"end": { "line": 17, "column": 29 }
				},
				"loc": {
					"start": { "line": 21, "column": 25 },
					"end": { "line": 89, "column": null }
				},
				"line": 21
			},
			"5": {
				"name": "(anonymous_2)",
				"decl": {
					"start": { "line": 56, "column": 21 },
					"end": { "line": 56, "column": 22 }
				},
				"loc": {
					"start": { "line": 57, "column": 12 },
					"end": { "line": 83, "column": null }
				},
				"line": 57
			}
		},
		"branchMap": {
			"0": {
				"loc": {
					"start": { "line": 38, "column": 42 },
					"end": { "line": 38, "column": 93 }
				},
				"type": "cond-expr",
				"locations": [
					{
						"start": { "line": 38, "column": 59 },
						"end": { "line": 38, "column": 78 }
					},
					{
						"start": { "line": 38, "column": 78 },
						"end": { "line": 38, "column": 93 }
					}
				],
				"line": 38
			},
			"1": {
				"loc": {
					"start": { "line": 39, "column": 13 },
					"end": { "line": 39, "column": null }
				},
				"type": "cond-expr",
				"locations": [
					{
						"start": { "line": 39, "column": 28 },
						"end": { "line": 39, "column": 55 }
					},
					{
						"start": { "line": 39, "column": 55 },
						"end": { "line": 39, "column": null }
					}
				],
				"line": 39
			}
		},
		"s": {
			"0": 2,
			"1": 17,
			"2": 2,
			"3": 5,
			"4": 5,
			"5": 5,
			"6": 6,
			"7": 3,
			"8": 3,
			"9": 3
		},
		"f": { "0": 11, "1": 3, "2": 6, "3": 17, "4": 5, "5": 5 },
		"b": { "0": [2, 3], "1": [1, 4] },
		"meta": {
			"lastBranch": 2,
			"lastFunction": 3,
			"lastStatement": 7,
			"seen": {
				"s:10:23:15:Infinity": 0,
				"f:10:23:10:24": 0,
				"s:11:2:14:Infinity": 1,
				"s:17:28:89:Infinity": 2,
				"f:17:28:17:29": 1,
				"s:22:20:22:Infinity": 3,
				"s:24:21:24:Infinity": 4,
				"s:26:2:58:Infinity": 5,
				"b:38:59:38:78:38:78:38:93": 0,
				"b:39:28:39:55:39:55:39:Infinity": 1,
				"f:56:21:56:22": 2,
				"s:57:12:58:Infinity": 6
			}
		}
	},
	"C:\\Users\\Jonao\\ecommerce-monorepo\\apps\\web\\src\\features\\dashboard\\components\\address-table.tsx": {
		"path": "C:\\Users\\Jonao\\ecommerce-monorepo\\apps\\web\\src\\features\\dashboard\\components\\address-table.tsx",
		"statementMap": {
			"0": {
				"start": { "line": 36, "column": 28 },
				"end": { "line": 115, "column": null }
			},
			"1": {
				"start": { "line": 37, "column": 35 },
				"end": { "line": 37, "column": null }
			},
			"2": {
				"start": { "line": 38, "column": 57 },
				"end": { "line": 39, "column": null }
			},
			"3": {
				"start": { "line": 40, "column": 1 },
				"end": { "line": 42, "column": null }
			},
			"4": {
				"start": { "line": 41, "column": 2 },
				"end": { "line": 41, "column": null }
			},
			"5": {
				"start": { "line": 44, "column": 22 },
				"end": { "line": 64, "column": null }
			},
			"6": {
				"start": { "line": 44, "column": 45 },
				"end": { "line": 64, "column": null }
			},
			"7": {
				"start": { "line": 45, "column": 2 },
				"end": { "line": 45, "column": null }
			},
			"8": {
				"start": { "line": 45, "column": 65 },
				"end": { "line": 45, "column": null }
			},
			"9": {
				"start": { "line": 47, "column": 27 },
				"end": { "line": 47, "column": null }
			},
			"10": {
				"start": { "line": 47, "column": 51 },
				"end": { "line": 47, "column": 69 }
			},
			"11": {
				"start": { "line": 49, "column": 2 },
				"end": { "line": 51, "column": null }
			},
			"12": {
				"start": { "line": 50, "column": 3 },
				"end": { "line": 50, "column": null }
			},
			"13": {
				"start": { "line": 50, "column": 28 },
				"end": { "line": 50, "column": 52 }
			},
			"14": {
				"start": { "line": 53, "column": 17 },
				"end": { "line": 53, "column": null }
			},
			"15": {
				"start": { "line": 55, "column": 2 },
				"end": { "line": 63, "column": null }
			},
			"16": {
				"start": { "line": 56, "column": 3 },
				"end": { "line": 56, "column": null }
			},
			"17": {
				"start": { "line": 58, "column": 3 },
				"end": { "line": 60, "column": null }
			},
			"18": {
				"start": { "line": 59, "column": 4 },
				"end": { "line": 59, "column": null }
			},
			"19": {
				"start": { "line": 59, "column": 29 },
				"end": { "line": 59, "column": 56 }
			},
			"20": {
				"start": { "line": 62, "column": 3 },
				"end": { "line": 62, "column": null }
			},
			"21": {
				"start": { "line": 66, "column": 1 },
				"end": { "line": 72, "column": null }
			},
			"22": {
				"start": { "line": 67, "column": 2 },
				"end": { "line": 70, "column": null }
			},
			"23": {
				"start": { "line": 74, "column": 1 },
				"end": { "line": 113, "column": null }
			},
			"24": {
				"start": { "line": 89, "column": 6 },
				"end": { "line": 108, "column": null }
			}
		},
		"fnMap": {
			"0": {
				"name": "(anonymous_0)",
				"decl": {
					"start": { "line": 36, "column": 28 },
					"end": { "line": 36, "column": 29 }
				},
				"loc": {
					"start": { "line": 36, "column": 66 },
					"end": { "line": 115, "column": null }
				},
				"line": 36
			},
			"1": {
				"name": "(anonymous_1)",
				"decl": {
					"start": { "line": 40, "column": 11 },
					"end": { "line": 40, "column": 17 }
				},
				"loc": {
					"start": { "line": 40, "column": 17 },
					"end": { "line": 42, "column": 4 }
				},
				"line": 40
			},
			"2": {
				"name": "(anonymous_2)",
				"decl": {
					"start": { "line": 44, "column": 22 },
					"end": { "line": 44, "column": 23 }
				},
				"loc": {
					"start": { "line": 44, "column": 45 },
					"end": { "line": 64, "column": null }
				},
				"line": 44
			},
			"3": {
				"name": "(anonymous_3)",
				"decl": {
					"start": { "line": 44, "column": 45 },
					"end": { "line": 44, "column": 57 }
				},
				"loc": {
					"start": { "line": 44, "column": 57 },
					"end": { "line": 64, "column": null }
				},
				"line": 44
			},
			"4": {
				"name": "(anonymous_4)",
				"decl": {
					"start": { "line": 47, "column": 44 },
					"end": { "line": 47, "column": 45 }
				},
				"loc": {
					"start": { "line": 47, "column": 51 },
					"end": { "line": 47, "column": 69 }
				},
				"line": 47
			},
			"5": {
				"name": "(anonymous_5)",
				"decl": {
					"start": { "line": 49, "column": 17 },
					"end": { "line": 49, "column": 18 }
				},
				"loc": {
					"start": { "line": 50, "column": 3 },
					"end": { "line": 50, "column": null }
				},
				"line": 50
			},
			"6": {
				"name": "(anonymous_6)",
				"decl": {
					"start": { "line": 50, "column": 15 },
					"end": { "line": 50, "column": 16 }
				},
				"loc": {
					"start": { "line": 50, "column": 28 },
					"end": { "line": 50, "column": 52 }
				},
				"line": 50
			},
			"7": {
				"name": "(anonymous_7)",
				"decl": {
					"start": { "line": 59, "column": 19 },
					"end": { "line": 59, "column": 20 }
				},
				"loc": {
					"start": { "line": 59, "column": 29 },
					"end": { "line": 59, "column": 56 }
				},
				"line": 59
			},
			"8": {
				"name": "(anonymous_8)",
				"decl": {
					"start": { "line": 88, "column": 22 },
					"end": { "line": 88, "column": 23 }
				},
				"loc": {
					"start": { "line": 89, "column": 6 },
					"end": { "line": 108, "column": null }
				},
				"line": 89
			}
		},
		"branchMap": {
			"0": {
				"loc": {
					"start": { "line": 45, "column": 2 },
					"end": { "line": 45, "column": null }
				},
				"type": "if",
				"locations": [
					{
						"start": { "line": 45, "column": 2 },
						"end": { "line": 45, "column": null }
					},
					{ "start": {}, "end": {} }
				],
				"line": 45
			},
			"1": {
				"loc": {
					"start": { "line": 55, "column": 2 },
					"end": { "line": 63, "column": null }
				},
				"type": "if",
				"locations": [
					{
						"start": { "line": 55, "column": 2 },
						"end": { "line": 63, "column": null }
					},
					{
						"start": { "line": 61, "column": 9 },
						"end": { "line": 63, "column": null }
					}
				],
				"line": 55
			},
			"2": {
				"loc": {
					"start": { "line": 58, "column": 3 },
					"end": { "line": 60, "column": null }
				},
				"type": "if",
				"locations": [
					{
						"start": { "line": 58, "column": 3 },
						"end": { "line": 60, "column": null }
					},
					{ "start": {}, "end": {} }
				],
				"line": 58
			},
			"3": {
				"loc": {
					"start": { "line": 66, "column": 1 },
					"end": { "line": 72, "column": null }
				},
				"type": "if",
				"locations": [
					{
						"start": { "line": 66, "column": 1 },
						"end": { "line": 72, "column": null }
					},
					{ "start": {}, "end": {} }
				],
				"line": 66
			}
		},
		"s": {
			"0": 0,
			"1": 0,
			"2": 0,
			"3": 0,
			"4": 0,
			"5": 0,
			"6": 0,
			"7": 0,
			"8": 0,
			"9": 0,
			"10": 0,
			"11": 0,
			"12": 0,
			"13": 0,
			"14": 0,
			"15": 0,
			"16": 0,
			"17": 0,
			"18": 0,
			"19": 0,
			"20": 0,
			"21": 0,
			"22": 0,
			"23": 0,
			"24": 0
		},
		"f": {
			"0": 0,
			"1": 0,
			"2": 0,
			"3": 0,
			"4": 0,
			"5": 0,
			"6": 0,
			"7": 0,
			"8": 0
		},
		"b": { "0": [0, 0], "1": [0, 0], "2": [0, 0], "3": [0, 0] },
		"meta": {
			"lastBranch": 4,
			"lastFunction": 9,
			"lastStatement": 25,
			"seen": {
				"s:36:28:115:Infinity": 0,
				"f:36:28:36:29": 0,
				"s:37:35:37:Infinity": 1,
				"s:38:57:39:Infinity": 2,
				"s:40:1:42:Infinity": 3,
				"f:40:11:40:17": 1,
				"s:41:2:41:Infinity": 4,
				"s:44:22:64:Infinity": 5,
				"f:44:22:44:23": 2,
				"s:44:45:64:Infinity": 6,
				"f:44:45:44:57": 3,
				"b:45:2:45:Infinity:undefined:undefined:undefined:undefined": 0,
				"s:45:2:45:Infinity": 7,
				"s:45:65:45:Infinity": 8,
				"s:47:27:47:Infinity": 9,
				"f:47:44:47:45": 4,
				"s:47:51:47:69": 10,
				"s:49:2:51:Infinity": 11,
				"f:49:17:49:18": 5,
				"s:50:3:50:Infinity": 12,
				"f:50:15:50:16": 6,
				"s:50:28:50:52": 13,
				"s:53:17:53:Infinity": 14,
				"b:55:2:63:Infinity:61:9:63:Infinity": 1,
				"s:55:2:63:Infinity": 15,
				"s:56:3:56:Infinity": 16,
				"b:58:3:60:Infinity:undefined:undefined:undefined:undefined": 2,
				"s:58:3:60:Infinity": 17,
				"s:59:4:59:Infinity": 18,
				"f:59:19:59:20": 7,
				"s:59:29:59:56": 19,
				"s:62:3:62:Infinity": 20,
				"b:66:1:72:Infinity:undefined:undefined:undefined:undefined": 3,
				"s:66:1:72:Infinity": 21,
				"s:67:2:70:Infinity": 22,
				"s:74:1:113:Infinity": 23,
				"f:88:22:88:23": 8,
				"s:89:6:108:Infinity": 24
			}
		}
	},
	"C:\\Users\\Jonao\\ecommerce-monorepo\\apps\\web\\src\\features\\dashboard\\components\\dashboard-view.tsx": {
		"path": "C:\\Users\\Jonao\\ecommerce-monorepo\\apps\\web\\src\\features\\dashboard\\components\\dashboard-view.tsx",
		"statementMap": {
			"0": {
				"start": { "line": 6, "column": 32 },
				"end": { "line": 6, "column": null }
			},
			"1": {
				"start": { "line": 8, "column": 2 },
				"end": { "line": 12, "column": null }
			}
		},
		"fnMap": {
			"0": {
				"name": "DashboardView",
				"decl": {
					"start": { "line": 5, "column": 30 },
					"end": { "line": 5, "column": 46 }
				},
				"loc": {
					"start": { "line": 5, "column": 46 },
					"end": { "line": 14, "column": null }
				},
				"line": 5
			}
		},
		"branchMap": {},
		"s": { "0": 4, "1": 4 },
		"f": { "0": 4 },
		"b": {},
		"meta": {
			"lastBranch": 0,
			"lastFunction": 1,
			"lastStatement": 2,
			"seen": {
				"f:5:30:5:46": 0,
				"s:6:32:6:Infinity": 0,
				"s:8:2:12:Infinity": 1
			}
		}
	},
	"C:\\Users\\Jonao\\ecommerce-monorepo\\apps\\web\\src\\features\\dashboard\\components\\order-table.tsx": {
		"path": "C:\\Users\\Jonao\\ecommerce-monorepo\\apps\\web\\src\\features\\dashboard\\components\\order-table.tsx",
		"statementMap": {
			"0": {
				"start": { "line": 30, "column": 44 },
				"end": { "line": 35, "column": null }
			},
			"1": {
				"start": { "line": 36, "column": 26 },
				"end": { "line": 66, "column": null }
			},
			"2": {
				"start": { "line": 37, "column": 1 },
				"end": { "line": 64, "column": null }
			},
			"3": {
				"start": { "line": 53, "column": 5 },
				"end": { "line": 61, "column": null }
			}
		},
		"fnMap": {
			"0": {
				"name": "(anonymous_0)",
				"decl": {
					"start": { "line": 36, "column": 26 },
					"end": { "line": 36, "column": 27 }
				},
				"loc": {
					"start": { "line": 36, "column": 59 },
					"end": { "line": 66, "column": null }
				},
				"line": 36
			},
			"1": {
				"name": "(anonymous_1)",
				"decl": {
					"start": { "line": 52, "column": 16 },
					"end": { "line": 52, "column": 17 }
				},
				"loc": {
					"start": { "line": 53, "column": 5 },
					"end": { "line": 61, "column": null }
				},
				"line": 53
			}
		},
		"branchMap": {
			"0": {
				"loc": {
					"start": { "line": 59, "column": 18 },
					"end": { "line": 59, "column": 89 }
				},
				"type": "cond-expr",
				"locations": [
					{
						"start": { "line": 59, "column": 32 },
						"end": { "line": 59, "column": 76 }
					},
					{
						"start": { "line": 59, "column": 76 },
						"end": { "line": 59, "column": 89 }
					}
				],
				"line": 59
			},
			"1": {
				"loc": {
					"start": { "line": 60, "column": 18 },
					"end": { "line": 60, "column": 55 }
				},
				"type": "binary-expr",
				"locations": [
					{
						"start": { "line": 60, "column": 18 },
						"end": { "line": 60, "column": 44 }
					},
					{
						"start": { "line": 60, "column": 44 },
						"end": { "line": 60, "column": 55 }
					}
				],
				"line": 60
			}
		},
		"s": { "0": 0, "1": 0, "2": 0, "3": 0 },
		"f": { "0": 0, "1": 0 },
		"b": { "0": [0, 0], "1": [0, 0] },
		"meta": {
			"lastBranch": 2,
			"lastFunction": 2,
			"lastStatement": 4,
			"seen": {
				"s:30:44:35:Infinity": 0,
				"s:36:26:66:Infinity": 1,
				"f:36:26:36:27": 0,
				"s:37:1:64:Infinity": 2,
				"f:52:16:52:17": 1,
				"s:53:5:61:Infinity": 3,
				"b:59:32:59:76:59:76:59:89": 0,
				"b:60:18:60:44:60:44:60:55": 1
			}
		}
	},
	"C:\\Users\\Jonao\\ecommerce-monorepo\\apps\\web\\src\\features\\home\\components\\hero-section.tsx": {
		"path": "C:\\Users\\Jonao\\ecommerce-monorepo\\apps\\web\\src\\features\\home\\components\\hero-section.tsx",
		"statementMap": {
			"0": {
				"start": { "line": 1, "column": 27 },
				"end": { "line": 23, "column": null }
			},
			"1": {
				"start": { "line": 2, "column": 1 },
				"end": { "line": 21, "column": null }
			}
		},
		"fnMap": {
			"0": {
				"name": "(anonymous_0)",
				"decl": {
					"start": { "line": 1, "column": 27 },
					"end": { "line": 1, "column": 33 }
				},
				"loc": {
					"start": { "line": 1, "column": 33 },
					"end": { "line": 23, "column": null }
				},
				"line": 1
			}
		},
		"branchMap": {},
		"s": { "0": 0, "1": 0 },
		"f": { "0": 0 },
		"b": {},
		"meta": {
			"lastBranch": 0,
			"lastFunction": 1,
			"lastStatement": 2,
			"seen": {
				"s:1:27:23:Infinity": 0,
				"f:1:27:1:33": 0,
				"s:2:1:21:Infinity": 1
			}
		}
	},
	"C:\\Users\\Jonao\\ecommerce-monorepo\\apps\\web\\src\\features\\home\\components\\home-category.tsx": {
		"path": "C:\\Users\\Jonao\\ecommerce-monorepo\\apps\\web\\src\\features\\home\\components\\home-category.tsx",
		"statementMap": {
			"0": {
				"start": { "line": 14, "column": 28 },
				"end": { "line": 39, "column": null }
			},
			"1": {
				"start": { "line": 15, "column": 1 },
				"end": { "line": 37, "column": null }
			},
			"2": {
				"start": { "line": 20, "column": 4 },
				"end": { "line": 35, "column": null }
			}
		},
		"fnMap": {
			"0": {
				"name": "(anonymous_0)",
				"decl": {
					"start": { "line": 14, "column": 28 },
					"end": { "line": 14, "column": 29 }
				},
				"loc": {
					"start": { "line": 14, "column": 67 },
					"end": { "line": 39, "column": null }
				},
				"line": 14
			},
			"1": {
				"name": "(anonymous_1)",
				"decl": {
					"start": { "line": 19, "column": 19 },
					"end": { "line": 19, "column": 20 }
				},
				"loc": {
					"start": { "line": 20, "column": 4 },
					"end": { "line": 35, "column": null }
				},
				"line": 20
			}
		},
		"branchMap": {},
		"s": { "0": 0, "1": 0, "2": 0 },
		"f": { "0": 0, "1": 0 },
		"b": {},
		"meta": {
			"lastBranch": 0,
			"lastFunction": 2,
			"lastStatement": 3,
			"seen": {
				"s:14:28:39:Infinity": 0,
				"f:14:28:14:29": 0,
				"s:15:1:37:Infinity": 1,
				"f:19:19:19:20": 1,
				"s:20:4:35:Infinity": 2
			}
		}
	},
	"C:\\Users\\Jonao\\ecommerce-monorepo\\apps\\web\\src\\features\\home\\components\\home-product-preview.tsx": {
		"path": "C:\\Users\\Jonao\\ecommerce-monorepo\\apps\\web\\src\\features\\home\\components\\home-product-preview.tsx",
		"statementMap": {
			"0": {
				"start": { "line": 7, "column": 34 },
				"end": { "line": 38, "column": null }
			},
			"1": {
				"start": { "line": 8, "column": 18 },
				"end": { "line": 8, "column": null }
			},
			"2": {
				"start": { "line": 9, "column": 1 },
				"end": { "line": 11, "column": null }
			},
			"3": {
				"start": { "line": 10, "column": 2 },
				"end": { "line": 10, "column": null }
			},
			"4": {
				"start": { "line": 12, "column": 21 },
				"end": { "line": 12, "column": null }
			},
			"5": {
				"start": { "line": 14, "column": 29 },
				"end": { "line": 21, "column": null }
			},
			"6": {
				"start": { "line": 14, "column": 59 },
				"end": { "line": 21, "column": 3 }
			},
			"7": {
				"start": { "line": 23, "column": 1 },
				"end": { "line": 36, "column": null }
			}
		},
		"fnMap": {
			"0": {
				"name": "(anonymous_0)",
				"decl": {
					"start": { "line": 7, "column": 34 },
					"end": { "line": 7, "column": 46 }
				},
				"loc": {
					"start": { "line": 7, "column": 46 },
					"end": { "line": 38, "column": null }
				},
				"line": 7
			},
			"1": {
				"name": "(anonymous_1)",
				"decl": {
					"start": { "line": 14, "column": 45 },
					"end": { "line": 14, "column": 46 }
				},
				"loc": {
					"start": { "line": 14, "column": 59 },
					"end": { "line": 21, "column": 3 }
				},
				"line": 14
			}
		},
		"branchMap": {
			"0": {
				"loc": {
					"start": { "line": 9, "column": 1 },
					"end": { "line": 11, "column": null }
				},
				"type": "if",
				"locations": [
					{
						"start": { "line": 9, "column": 1 },
						"end": { "line": 11, "column": null }
					},
					{ "start": {}, "end": {} }
				],
				"line": 9
			},
			"1": {
				"loc": {
					"start": { "line": 12, "column": 21 },
					"end": { "line": 12, "column": null }
				},
				"type": "binary-expr",
				"locations": [
					{
						"start": { "line": 12, "column": 21 },
						"end": { "line": 12, "column": 58 }
					},
					{
						"start": { "line": 12, "column": 58 },
						"end": { "line": 12, "column": null }
					}
				],
				"line": 12
			},
			"2": {
				"loc": {
					"start": { "line": 18, "column": 9 },
					"end": { "line": 18, "column": null }
				},
				"type": "binary-expr",
				"locations": [
					{
						"start": { "line": 18, "column": 9 },
						"end": { "line": 18, "column": 26 }
					},
					{
						"start": { "line": 18, "column": 26 },
						"end": { "line": 18, "column": null }
					}
				],
				"line": 18
			},
			"3": {
				"loc": {
					"start": { "line": 19, "column": 15 },
					"end": { "line": 19, "column": null }
				},
				"type": "binary-expr",
				"locations": [
					{
						"start": { "line": 19, "column": 15 },
						"end": { "line": 19, "column": 38 }
					},
					{
						"start": { "line": 19, "column": 38 },
						"end": { "line": 19, "column": null }
					}
				],
				"line": 19
			}
		},
		"s": { "0": 1, "1": 2, "2": 2, "3": 1, "4": 1, "5": 2, "6": 2, "7": 2 },
		"f": { "0": 2, "1": 2 },
		"b": { "0": [1, 1], "1": [1, 0], "2": [2, 0], "3": [2, 0] },
		"meta": {
			"lastBranch": 4,
			"lastFunction": 2,
			"lastStatement": 8,
			"seen": {
				"s:7:34:38:Infinity": 0,
				"f:7:34:7:46": 0,
				"s:8:18:8:Infinity": 1,
				"b:9:1:11:Infinity:undefined:undefined:undefined:undefined": 0,
				"s:9:1:11:Infinity": 2,
				"s:10:2:10:Infinity": 3,
				"s:12:21:12:Infinity": 4,
				"b:12:21:12:58:12:58:12:Infinity": 1,
				"s:14:29:21:Infinity": 5,
				"f:14:45:14:46": 1,
				"s:14:59:21:3": 6,
				"b:18:9:18:26:18:26:18:Infinity": 2,
				"b:19:15:19:38:19:38:19:Infinity": 3,
				"s:23:1:36:Infinity": 7
			}
		}
	},
	"C:\\Users\\Jonao\\ecommerce-monorepo\\apps\\web\\src\\features\\product\\components\\product-breadcumb.tsx": {
		"path": "C:\\Users\\Jonao\\ecommerce-monorepo\\apps\\web\\src\\features\\product\\components\\product-breadcumb.tsx",
		"statementMap": {
			"0": {
				"start": { "line": 14, "column": 32 },
				"end": { "line": 39, "column": null }
			},
			"1": {
				"start": { "line": 15, "column": 7 },
				"end": { "line": 15, "column": null }
			},
			"2": {
				"start": { "line": 16, "column": 1 },
				"end": { "line": 37, "column": null }
			},
			"3": {
				"start": { "line": 20, "column": 20 },
				"end": { "line": 20, "column": null }
			},
			"4": {
				"start": { "line": 21, "column": 5 },
				"end": { "line": 33, "column": null }
			}
		},
		"fnMap": {
			"0": {
				"name": "(anonymous_0)",
				"decl": {
					"start": { "line": 14, "column": 32 },
					"end": { "line": 14, "column": 38 }
				},
				"loc": {
					"start": { "line": 14, "column": 38 },
					"end": { "line": 39, "column": null }
				},
				"line": 14
			},
			"1": {
				"name": "(anonymous_1)",
				"decl": {
					"start": { "line": 19, "column": 21 },
					"end": { "line": 19, "column": 22 }
				},
				"loc": {
					"start": { "line": 19, "column": 38 },
					"end": { "line": 35, "column": 5 }
				},
				"line": 19
			}
		},
		"branchMap": {
			"0": {
				"loc": {
					"start": { "line": 23, "column": 8 },
					"end": { "line": 30, "column": null }
				},
				"type": "cond-expr",
				"locations": [
					{
						"start": { "line": 24, "column": 8 },
						"end": { "line": 24, "column": null }
					},
					{
						"start": { "line": 26, "column": 8 },
						"end": { "line": 30, "column": null }
					}
				],
				"line": 23
			},
			"1": {
				"loc": {
					"start": { "line": 32, "column": 8 },
					"end": { "line": 32, "column": null }
				},
				"type": "binary-expr",
				"locations": [
					{
						"start": { "line": 32, "column": 8 },
						"end": { "line": 32, "column": 19 }
					},
					{
						"start": { "line": 32, "column": 19 },
						"end": { "line": 32, "column": null }
					}
				],
				"line": 32
			}
		},
		"s": { "0": 0, "1": 0, "2": 0, "3": 0, "4": 0 },
		"f": { "0": 0, "1": 0 },
		"b": { "0": [0, 0], "1": [0, 0] },
		"meta": {
			"lastBranch": 2,
			"lastFunction": 2,
			"lastStatement": 5,
			"seen": {
				"s:14:32:39:Infinity": 0,
				"f:14:32:14:38": 0,
				"s:15:7:15:Infinity": 1,
				"s:16:1:37:Infinity": 2,
				"f:19:21:19:22": 1,
				"s:20:20:20:Infinity": 3,
				"s:21:5:33:Infinity": 4,
				"b:24:8:24:Infinity:26:8:30:Infinity": 0,
				"b:32:8:32:19:32:19:32:Infinity": 1
			}
		}
	},
	"C:\\Users\\Jonao\\ecommerce-monorepo\\apps\\web\\src\\features\\product\\components\\product-detail.tsx": {
		"path": "C:\\Users\\Jonao\\ecommerce-monorepo\\apps\\web\\src\\features\\product\\components\\product-detail.tsx",
		"statementMap": {
			"0": {
				"start": { "line": 9, "column": 29 },
				"end": { "line": 20, "column": null }
			},
			"1": {
				"start": { "line": 10, "column": 1 },
				"end": { "line": 18, "column": null }
			}
		},
		"fnMap": {
			"0": {
				"name": "(anonymous_0)",
				"decl": {
					"start": { "line": 9, "column": 29 },
					"end": { "line": 9, "column": 30 }
				},
				"loc": {
					"start": { "line": 9, "column": 61 },
					"end": { "line": 20, "column": null }
				},
				"line": 9
			}
		},
		"branchMap": {},
		"s": { "0": 1, "1": 2 },
		"f": { "0": 2 },
		"b": {},
		"meta": {
			"lastBranch": 0,
			"lastFunction": 1,
			"lastStatement": 2,
			"seen": {
				"s:9:29:20:Infinity": 0,
				"f:9:29:9:30": 0,
				"s:10:1:18:Infinity": 1
			}
		}
	},
	"C:\\Users\\Jonao\\ecommerce-monorepo\\apps\\web\\src\\features\\product\\components\\product-filter.tsx": {
		"path": "C:\\Users\\Jonao\\ecommerce-monorepo\\apps\\web\\src\\features\\product\\components\\product-filter.tsx",
		"statementMap": {
			"0": {
				"start": { "line": 15, "column": 29 },
				"end": { "line": 44, "column": null }
			},
			"1": {
				"start": { "line": 16, "column": 23 },
				"end": { "line": 16, "column": null }
			},
			"2": {
				"start": { "line": 17, "column": 1 },
				"end": { "line": 17, "column": null }
			},
			"3": {
				"start": { "line": 17, "column": 14 },
				"end": { "line": 17, "column": null }
			},
			"4": {
				"start": { "line": 18, "column": 1 },
				"end": { "line": 42, "column": null }
			},
			"5": {
				"start": { "line": 36, "column": 5 },
				"end": { "line": 38, "column": null }
			}
		},
		"fnMap": {
			"0": {
				"name": "(anonymous_0)",
				"decl": {
					"start": { "line": 15, "column": 29 },
					"end": { "line": 15, "column": 35 }
				},
				"loc": {
					"start": { "line": 15, "column": 35 },
					"end": { "line": 44, "column": null }
				},
				"line": 15
			},
			"1": {
				"name": "(anonymous_1)",
				"decl": {
					"start": { "line": 35, "column": 26 },
					"end": { "line": 35, "column": 27 }
				},
				"loc": {
					"start": { "line": 36, "column": 5 },
					"end": { "line": 38, "column": null }
				},
				"line": 36
			}
		},
		"branchMap": {
			"0": {
				"loc": {
					"start": { "line": 17, "column": 1 },
					"end": { "line": 17, "column": null }
				},
				"type": "if",
				"locations": [
					{
						"start": { "line": 17, "column": 1 },
						"end": { "line": 17, "column": null }
					},
					{ "start": {}, "end": {} }
				],
				"line": 17
			}
		},
		"s": { "0": 0, "1": 0, "2": 0, "3": 0, "4": 0, "5": 0 },
		"f": { "0": 0, "1": 0 },
		"b": { "0": [0, 0] },
		"meta": {
			"lastBranch": 1,
			"lastFunction": 2,
			"lastStatement": 6,
			"seen": {
				"s:15:29:44:Infinity": 0,
				"f:15:29:15:35": 0,
				"s:16:23:16:Infinity": 1,
				"b:17:1:17:Infinity:undefined:undefined:undefined:undefined": 0,
				"s:17:1:17:Infinity": 2,
				"s:17:14:17:Infinity": 3,
				"s:18:1:42:Infinity": 4,
				"f:35:26:35:27": 1,
				"s:36:5:38:Infinity": 5
			}
		}
	},
	"C:\\Users\\Jonao\\ecommerce-monorepo\\apps\\web\\src\\features\\product\\components\\product-header.tsx": {
		"path": "C:\\Users\\Jonao\\ecommerce-monorepo\\apps\\web\\src\\features\\product\\components\\product-header.tsx",
		"statementMap": {
			"0": {
				"start": { "line": 5, "column": 29 },
				"end": { "line": 17, "column": null }
			},
			"1": {
				"start": { "line": 6, "column": 1 },
				"end": { "line": 15, "column": null }
			}
		},
		"fnMap": {
			"0": {
				"name": "(anonymous_0)",
				"decl": {
					"start": { "line": 5, "column": 29 },
					"end": { "line": 5, "column": 35 }
				},
				"loc": {
					"start": { "line": 5, "column": 35 },
					"end": { "line": 17, "column": null }
				},
				"line": 5
			}
		},
		"branchMap": {},
		"s": { "0": 0, "1": 0 },
		"f": { "0": 0 },
		"b": {},
		"meta": {
			"lastBranch": 0,
			"lastFunction": 1,
			"lastStatement": 2,
			"seen": {
				"s:5:29:17:Infinity": 0,
				"f:5:29:5:35": 0,
				"s:6:1:15:Infinity": 1
			}
		}
	},
	"C:\\Users\\Jonao\\ecommerce-monorepo\\apps\\web\\src\\features\\product\\components\\product-options.tsx": {
		"path": "C:\\Users\\Jonao\\ecommerce-monorepo\\apps\\web\\src\\features\\product\\components\\product-options.tsx",
		"statementMap": {
			"0": {
				"start": { "line": 11, "column": 30 },
				"end": { "line": 113, "column": null }
			},
			"1": {
				"start": { "line": 12, "column": 17 },
				"end": { "line": 12, "column": null }
			},
			"2": {
				"start": { "line": 13, "column": 61 },
				"end": { "line": 13, "column": null }
			},
			"3": {
				"start": { "line": 15, "column": 1 },
				"end": { "line": 17, "column": null }
			},
			"4": {
				"start": { "line": 16, "column": 2 },
				"end": { "line": 16, "column": null }
			},
			"5": {
				"start": { "line": 19, "column": 39 },
				"end": { "line": 19, "column": null }
			},
			"6": {
				"start": { "line": 20, "column": 37 },
				"end": { "line": 20, "column": null }
			},
			"7": {
				"start": { "line": 21, "column": 45 },
				"end": { "line": 21, "column": null }
			},
			"8": {
				"start": { "line": 23, "column": 24 },
				"end": { "line": 31, "column": null }
			},
			"9": {
				"start": { "line": 32, "column": 1 },
				"end": { "line": 111, "column": null }
			},
			"10": {
				"start": { "line": 45, "column": 8 },
[...]
				"loc": {
					"start": { "line": 42, "column": 50 },
					"end": { "line": 42, "column": 55 }
				},
				"line": 42
			},
			"4": {
				"name": "(anonymous_4)",
				"decl": {
					"start": { "line": 42, "column": 61 },
					"end": { "line": 42, "column": 62 }
				},
				"loc": {
					"start": { "line": 43, "column": 5 },
					"end": { "line": 50, "column": null }
				},
				"line": 43
			},
			"5": {
				"name": "(anonymous_5)",
				"decl": {
					"start": { "line": 45, "column": 16 },
					"end": { "line": 45, "column": 22 }
				},
				"loc": {
					"start": { "line": 45, "column": 22 },
					"end": { "line": 45, "column": null }
				},
				"line": 45
			}
		},
		"branchMap": {
			"0": {
				"loc": {
					"start": { "line": 20, "column": 2 },
					"end": { "line": 22, "column": null }
				},
				"type": "if",
				"locations": [
					{
						"start": { "line": 20, "column": 2 },
						"end": { "line": 22, "column": null }
					},
					{ "start": {}, "end": {} }
				],
				"line": 20
			},
			"1": {
				"loc": {
					"start": { "line": 26, "column": 2 },
					"end": { "line": 28, "column": null }
				},
				"type": "if",
				"locations": [
					{
						"start": { "line": 26, "column": 2 },
						"end": { "line": 28, "column": null }
					},
					{ "start": {}, "end": {} }
				],
				"line": 26
			},
			"2": {
				"loc": {
					"start": { "line": 31, "column": 1 },
					"end": { "line": 31, "column": null }
				},
				"type": "if",
				"locations": [
					{
						"start": { "line": 31, "column": 1 },
						"end": { "line": 31, "column": null }
					},
					{ "start": {}, "end": {} }
				],
				"line": 31
			}
		},
		"s": {
			"0": 1,
			"1": 8,
			"2": 8,
			"3": 0,
			"4": 0,
			"5": 8,
			"6": 1,
			"7": 1,
			"8": 8,
			"9": 4,
			"10": 4,
			"11": 8,
			"12": 8,
			"13": 0
		},
		"f": { "0": 8, "1": 0, "2": 1, "3": 8, "4": 8, "5": 0 },
		"b": { "0": [0, 0], "1": [1, 0], "2": [4, 4] },
		"meta": {
			"lastBranch": 3,
			"lastFunction": 6,
			"lastStatement": 14,
			"seen": {
				"s:11:33:58:Infinity": 0,
				"f:11:33:11:39": 0,
				"s:18:1:18:Infinity": 1,
				"s:19:24:23:Infinity": 2,
				"f:19:24:19:30": 1,
				"b:20:2:22:Infinity:undefined:undefined:undefined:undefined": 0,
				"s:20:2:22:Infinity": 3,
				"s:21:3:21:Infinity": 4,
				"s:25:20:29:Infinity": 5,
				"f:25:20:25:26": 2,
				"b:26:2:28:Infinity:undefined:undefined:undefined:undefined": 1,
				"s:26:2:28:Infinity": 6,
				"s:27:3:27:Infinity": 7,
				"b:31:1:31:Infinity:undefined:undefined:undefined:undefined": 2,
				"s:31:1:31:Infinity": 8,
				"s:31:22:31:Infinity": 9,
				"s:33:1:56:Infinity": 10,
				"f:42:40:42:41": 3,
				"s:42:50:42:55": 11,
				"f:42:61:42:62": 4,
				"s:43:5:50:Infinity": 12,
				"f:45:16:45:22": 5,
				"s:45:22:45:Infinity": 13
			}
		}
	},
	"C:\\Users\\Jonao\\ecommerce-monorepo\\apps\\web\\src\\features\\product\\components\\product-view.tsx": {
		"path": "C:\\Users\\Jonao\\ecommerce-monorepo\\apps\\web\\src\\features\\product\\components\\product-view.tsx",
		"statementMap": {
			"0": {
				"start": { "line": 9, "column": 27 },
				"end": { "line": 15, "column": null }
			},
			"1": {
				"start": { "line": 10, "column": 1 },
				"end": { "line": 13, "column": null }
			},
			"2": {
				"start": { "line": 17, "column": 23 },
				"end": { "line": 25, "column": null }
			},
			"3": {
				"start": { "line": 18, "column": 27 },
				"end": { "line": 18, "column": null }
			},
			"4": {
				"start": { "line": 19, "column": 1 },
				"end": { "line": 23, "column": null }
			}
		},
		"fnMap": {
			"0": {
				"name": "(anonymous_0)",
				"decl": {
					"start": { "line": 9, "column": 27 },
					"end": { "line": 9, "column": 33 }
				},
				"loc": {
					"start": { "line": 9, "column": 33 },
					"end": { "line": 15, "column": null }
				},
				"line": 9
			},
			"1": {
				"name": "(anonymous_1)",
				"decl": {
					"start": { "line": 17, "column": 23 },
					"end": { "line": 17, "column": 29 }
				},
				"loc": {
					"start": { "line": 17, "column": 29 },
					"end": { "line": 25, "column": null }
				},
				"line": 17
			}
		},
		"branchMap": {},
		"s": { "0": 1, "1": 3, "2": 1, "3": 8, "4": 8 },
		"f": { "0": 3, "1": 8 },
		"b": {},
		"meta": {
			"lastBranch": 0,
			"lastFunction": 2,
			"lastStatement": 5,
			"seen": {
				"s:9:27:15:Infinity": 0,
				"f:9:27:9:33": 0,
				"s:10:1:13:Infinity": 1,
				"s:17:23:25:Infinity": 2,
				"f:17:23:17:29": 1,
				"s:18:27:18:Infinity": 3,
				"s:19:1:23:Infinity": 4
			}
		}
	},
	"C:\\Users\\Jonao\\ecommerce-monorepo\\apps\\web\\src\\features\\product\\context\\product-context.tsx": {
		"path": "C:\\Users\\Jonao\\ecommerce-monorepo\\apps\\web\\src\\features\\product\\context\\product-context.tsx",
		"statementMap": {
			"0": {
				"start": { "line": 8, "column": 6 },
				"end": { "line": 9, "column": null }
			},
			"1": {
				"start": { "line": 11, "column": 34 },
				"end": { "line": 18, "column": null }
			},
			"2": {
				"start": { "line": 12, "column": 7 },
				"end": { "line": 12, "column": null }
			},
			"3": {
				"start": { "line": 13, "column": 1 },
				"end": { "line": 16, "column": null }
			},
			"4": {
				"start": { "line": 20, "column": 43 },
				"end": { "line": 28, "column": null }
			},
			"5": {
				"start": { "line": 21, "column": 7 },
				"end": { "line": 21, "column": null }
			},
			"6": {
				"start": { "line": 22, "column": 1 },
				"end": { "line": 26, "column": null }
			},
			"7": {
				"start": { "line": 23, "column": 2 },
				"end": { "line": 25, "column": null }
			},
			"8": {
				"start": { "line": 27, "column": 1 },
				"end": { "line": 27, "column": null }
			}
		},
		"fnMap": {
			"0": {
				"name": "(anonymous_0)",
				"decl": {
					"start": { "line": 11, "column": 34 },
					"end": { "line": 11, "column": 35 }
				},
				"loc": {
					"start": { "line": 11, "column": 77 },
					"end": { "line": 18, "column": null }
				},
				"line": 11
			},
			"1": {
				"name": "(anonymous_1)",
				"decl": {
					"start": { "line": 20, "column": 43 },
					"end": { "line": 20, "column": 49 }
				},
				"loc": {
					"start": { "line": 20, "column": 49 },
					"end": { "line": 28, "column": null }
				},
				"line": 20
			}
		},
		"branchMap": {
			"0": {
				"loc": {
					"start": { "line": 22, "column": 1 },
					"end": { "line": 26, "column": null }
				},
				"type": "if",
				"locations": [
					{
						"start": { "line": 22, "column": 1 },
						"end": { "line": 26, "column": null }
					},
					{ "start": {}, "end": {} }
				],
				"line": 22
			}
		},
		"s": {
			"0": 1,
			"1": 1,
			"2": 8,
			"3": 8,
			"4": 1,
			"5": 16,
			"6": 16,
			"7": 0,
			"8": 16
		},
		"f": { "0": 8, "1": 16 },
		"b": { "0": [0, 16] },
		"meta": {
			"lastBranch": 1,
			"lastFunction": 2,
			"lastStatement": 9,
			"seen": {
				"s:8:6:9:Infinity": 0,
				"s:11:34:18:Infinity": 1,
				"f:11:34:11:35": 0,
				"s:12:7:12:Infinity": 2,
				"s:13:1:16:Infinity": 3,
				"s:20:43:28:Infinity": 4,
				"f:20:43:20:49": 1,
				"s:21:7:21:Infinity": 5,
				"b:22:1:26:Infinity:undefined:undefined:undefined:undefined": 0,
				"s:22:1:26:Infinity": 6,
				"s:23:2:25:Infinity": 7,
				"s:27:1:27:Infinity": 8
			}
		}
	},
	"C:\\Users\\Jonao\\ecommerce-monorepo\\apps\\web\\src\\features\\search\\components\\search-bar.tsx": {
		"path": "C:\\Users\\Jonao\\ecommerce-monorepo\\apps\\web\\src\\features\\search\\components\\search-bar.tsx",
		"statementMap": {
			"0": {
				"start": { "line": 8, "column": 25 },
				"end": { "line": 73, "column": null }
			},
			"1": {
				"start": { "line": 9, "column": 7 },
				"end": { "line": 9, "column": null }
			},
			"2": {
				"start": { "line": 19, "column": 1 },
				"end": { "line": 19, "column": null }
			},
			"3": {
				"start": { "line": 21, "column": 27 },
				"end": { "line": 24, "column": null }
			},
			"4": {
				"start": { "line": 22, "column": 2 },
				"end": { "line": 22, "column": null }
			},
			"5": {
				"start": { "line": 23, "column": 2 },
				"end": { "line": 23, "column": null }
			},
			"6": {
				"start": { "line": 26, "column": 22 },
				"end": { "line": 35, "column": null }
			},
			"7": {
				"start": { "line": 27, "column": 2 },
				"end": { "line": 34, "column": null }
			},
			"8": {
				"start": { "line": 28, "column": 3 },
				"end": { "line": 30, "column": null }
			},
			"9": {
				"start": { "line": 31, "column": 3 },
				"end": { "line": 31, "column": null }
			},
			"10": {
				"start": { "line": 33, "column": 3 },
				"end": { "line": 33, "column": null }
			},
			"11": {
				"start": { "line": 37, "column": 23 },
				"end": { "line": 43, "column": null }
			},
			"12": {
				"start": { "line": 38, "column": 2 },
				"end": { "line": 42, "column": null }
			},
			"13": {
				"start": { "line": 39, "column": 3 },
				"end": { "line": 39, "column": null }
			},
			"14": {
				"start": { "line": 40, "column": 2 },
				"end": { "line": 42, "column": null }
			},
			"15": {
				"start": { "line": 41, "column": 3 },
				"end": { "line": 41, "column": null }
			},
			"16": {
				"start": { "line": 45, "column": 21 },
				"end": { "line": 49, "column": null }
			},
			"17": {
				"start": { "line": 46, "column": 2 },
				"end": { "line": 48, "column": null }
			},
			"18": {
				"start": { "line": 47, "column": 3 },
				"end": { "line": 47, "column": null }
			},
			"19": {
				"start": { "line": 51, "column": 25 },
				"end": { "line": 53, "column": null }
			},
			"20": {
				"start": { "line": 52, "column": 2 },
				"end": { "line": 52, "column": null }
			},
			"21": {
				"start": { "line": 55, "column": 1 },
				"end": { "line": 71, "column": null }
			}
		},
		"fnMap": {
			"0": {
				"name": "(anonymous_0)",
				"decl": {
					"start": { "line": 8, "column": 25 },
					"end": { "line": 8, "column": 31 }
				},
				"loc": {
					"start": { "line": 8, "column": 31 },
					"end": { "line": 73, "column": null }
				},
				"line": 8
			},
			"1": {
				"name": "(anonymous_1)",
				"decl": {
					"start": { "line": 21, "column": 27 },
					"end": { "line": 21, "column": 28 }
				},
				"loc": {
					"start": { "line": 21, "column": 75 },
					"end": { "line": 24, "column": null }
				},
				"line": 21
			},
			"2": {
				"name": "(anonymous_2)",
				"decl": {
					"start": { "line": 26, "column": 22 },
					"end": { "line": 26, "column": 28 }
				},
				"loc": {
					"start": { "line": 26, "column": 28 },
					"end": { "line": 35, "column": null }
				},
				"line": 26
			},
			"3": {
				"name": "(anonymous_3)",
				"decl": {
					"start": { "line": 37, "column": 23 },
					"end": { "line": 37, "column": 24 }
				},
				"loc": {
					"start": { "line": 37, "column": 73 },
					"end": { "line": 43, "column": null }
				},
				"line": 37
			},
			"4": {
				"name": "(anonymous_4)",
				"decl": {
					"start": { "line": 45, "column": 21 },
					"end": { "line": 45, "column": 27 }
				},
				"loc": {
					"start": { "line": 45, "column": 27 },
					"end": { "line": 49, "column": null }
				},
				"line": 45
			},
			"5": {
				"name": "(anonymous_5)",
				"decl": {
					"start": { "line": 51, "column": 25 },
					"end": { "line": 51, "column": 31 }
				},
				"loc": {
					"start": { "line": 51, "column": 31 },
					"end": { "line": 53, "column": null }
				},
				"line": 51
			}
		},
		"branchMap": {
			"0": {
				"loc": {
					"start": { "line": 27, "column": 2 },
					"end": { "line": 34, "column": null }
				},
				"type": "if",
				"locations": [
					{
						"start": { "line": 27, "column": 2 },
						"end": { "line": 34, "column": null }
					},
					{
						"start": { "line": 32, "column": 9 },
						"end": { "line": 34, "column": null }
					}
				],
				"line": 27
			},
			"1": {
				"loc": {
					"start": { "line": 38, "column": 2 },
					"end": { "line": 42, "column": null }
				},
				"type": "if",
				"locations": [
					{
						"start": { "line": 38, "column": 2 },
						"end": { "line": 42, "column": null }
					},
					{
						"start": { "line": 40, "column": 2 },
						"end": { "line": 42, "column": null }
					}
				],
				"line": 38
			},
			"2": {
				"loc": {
					"start": { "line": 40, "column": 2 },
					"end": { "line": 42, "column": null }
				},
				"type": "if",
				"locations": [
					{
						"start": { "line": 40, "column": 2 },
						"end": { "line": 42, "column": null }
					},
					{ "start": {}, "end": {} }
				],
				"line": 40
			},
			"3": {
				"loc": {
					"start": { "line": 46, "column": 2 },
					"end": { "line": 48, "column": null }
				},
				"type": "if",
				"locations": [
					{
						"start": { "line": 46, "column": 2 },
						"end": { "line": 48, "column": null }
					},
					{ "start": {}, "end": {} }
				],
				"line": 46
			},
			"4": {
				"loc": {
					"start": { "line": 46, "column": 6 },
					"end": { "line": 46, "column": 51 }
				},
				"type": "binary-expr",
				"locations": [
					{
						"start": { "line": 46, "column": 6 },
						"end": { "line": 46, "column": 39 }
					},
					{
						"start": { "line": 46, "column": 39 },
						"end": { "line": 46, "column": 51 }
					}
				],
				"line": 46
			},
			"5": {
				"loc": {
					"start": { "line": 64, "column": 4 },
					"end": { "line": 69, "column": null }
				},
				"type": "binary-expr",
				"locations": [
					{
						"start": { "line": 64, "column": 4 },
						"end": { "line": 64, "column": null }
					},
					{
						"start": { "line": 65, "column": 4 },
						"end": { "line": 69, "column": null }
					}
				],
				"line": 64
			}
		},
		"s": {
			"0": 1,
			"1": 11,
			"2": 11,
			"3": 11,
			"4": 8,
			"5": 8,
			"6": 11,
			"7": 0,
			"8": 0,
			"9": 0,
			"10": 0,
			"11": 11,
			"12": 8,
			"13": 0,
			"14": 8,
			"15": 0,
			"16": 11,
			"17": 1,
			"18": 0,
			"19": 11,
			"20": 0,
			"21": 11
		},
		"f": { "0": 11, "1": 8, "2": 0, "3": 8, "4": 1, "5": 0 },
		"b": {
			"0": [0, 0],
			"1": [0, 8],
			"2": [0, 8],
			"3": [0, 1],
			"4": [1, 0],
			"5": [11, 2]
		},
		"meta": {
			"lastBranch": 6,
			"lastFunction": 6,
			"lastStatement": 22,
			"seen": {
				"s:8:25:73:Infinity": 0,
				"f:8:25:8:31": 0,
				"s:9:7:9:Infinity": 1,
				"s:19:1:19:Infinity": 2,
				"s:21:27:24:Infinity": 3,
				"f:21:27:21:28": 1,
				"s:22:2:22:Infinity": 4,
				"s:23:2:23:Infinity": 5,
				"s:26:22:35:Infinity": 6,
				"f:26:22:26:28": 2,
				"b:27:2:34:Infinity:32:9:34:Infinity": 0,
				"s:27:2:34:Infinity": 7,
				"s:28:3:30:Infinity": 8,
				"s:31:3:31:Infinity": 9,
				"s:33:3:33:Infinity": 10,
				"s:37:23:43:Infinity": 11,
				"f:37:23:37:24": 3,
				"b:38:2:42:Infinity:40:2:42:Infinity": 1,
				"s:38:2:42:Infinity": 12,
				"s:39:3:39:Infinity": 13,
				"b:40:2:42:Infinity:undefined:undefined:undefined:undefined": 2,
				"s:40:2:42:Infinity": 14,
				"s:41:3:41:Infinity": 15,
				"s:45:21:49:Infinity": 16,
				"f:45:21:45:27": 4,
				"b:46:2:48:Infinity:undefined:undefined:undefined:undefined": 3,
				"s:46:2:48:Infinity": 17,
				"b:46:6:46:39:46:39:46:51": 4,
				"s:47:3:47:Infinity": 18,
				"s:51:25:53:Infinity": 19,
				"f:51:25:51:31": 5,
				"s:52:2:52:Infinity": 20,
				"s:55:1:71:Infinity": 21,
				"b:64:4:64:Infinity:65:4:69:Infinity": 5
			}
		}
	},
	"C:\\Users\\Jonao\\ecommerce-monorepo\\apps\\web\\src\\features\\search\\components\\ui\\search-input.tsx": {
		"path": "C:\\Users\\Jonao\\ecommerce-monorepo\\apps\\web\\src\\features\\search\\components\\ui\\search-input.tsx",
		"statementMap": {
			"0": {
				"start": { "line": 14, "column": 27 },
				"end": { "line": 41, "column": null }
			},
			"1": {
				"start": { "line": 21, "column": 1 },
				"end": { "line": 39, "column": null }
			}
		},
		"fnMap": {
			"0": {
				"name": "(anonymous_0)",
				"decl": {
					"start": { "line": 14, "column": 27 },
					"end": { "line": 14, "column": 28 }
				},
				"loc": {
					"start": { "line": 20, "column": 24 },
					"end": { "line": 41, "column": null }
				},
				"line": 20
			}
		},
		"branchMap": {},
		"s": { "0": 1, "1": 11 },
		"f": { "0": 11 },
		"b": {},
		"meta": {
			"lastBranch": 0,
			"lastFunction": 1,
			"lastStatement": 2,
			"seen": {
				"s:14:27:41:Infinity": 0,
				"f:14:27:14:28": 0,
				"s:21:1:39:Infinity": 1
			}
		}
	},
	"C:\\Users\\Jonao\\ecommerce-monorepo\\apps\\web\\src\\features\\search\\components\\ui\\search-result-item.tsx": {
		"path": "C:\\Users\\Jonao\\ecommerce-monorepo\\apps\\web\\src\\features\\search\\components\\ui\\search-result-item.tsx",
		"statementMap": {
			"0": {
				"start": { "line": 10, "column": 32 },
				"end": { "line": 40, "column": null }
			},
			"1": {
				"start": { "line": 14, "column": 1 },
				"end": { "line": 38, "column": null }
			}
		},
		"fnMap": {
			"0": {
				"name": "(anonymous_0)",
				"decl": {
					"start": { "line": 10, "column": 32 },
					"end": { "line": 10, "column": 33 }
				},
				"loc": {
					"start": { "line": 13, "column": 29 },
					"end": { "line": 40, "column": null }
				},
				"line": 13
			}
		},
		"branchMap": {
			"0": {
				"loc": {
					"start": { "line": 22, "column": 10 },
					"end": { "line": 22, "column": null }
				},
				"type": "binary-expr",
				"locations": [
					{
						"start": { "line": 22, "column": 10 },
						"end": { "line": 22, "column": 27 }
					},
					{
						"start": { "line": 22, "column": 27 },
						"end": { "line": 22, "column": null }
					}
				],
				"line": 22
			}
		},
		"s": { "0": 1, "1": 1 },
		"f": { "0": 1 },
		"b": { "0": [1, 0] },
		"meta": {
			"lastBranch": 1,
			"lastFunction": 1,
			"lastStatement": 2,
			"seen": {
				"s:10:32:40:Infinity": 0,
				"f:10:32:10:33": 0,
				"s:14:1:38:Infinity": 1,
				"b:22:10:22:27:22:27:22:Infinity": 0
			}
		}
	},
	"C:\\Users\\Jonao\\ecommerce-monorepo\\apps\\web\\src\\features\\search\\components\\ui\\search-results.tsx": {
		"path": "C:\\Users\\Jonao\\ecommerce-monorepo\\apps\\web\\src\\features\\search\\components\\ui\\search-results.tsx",
		"statementMap": {
			"0": {
				"start": { "line": 10, "column": 29 },
				"end": { "line": 38, "column": null }
			},
			"1": {
				"start": { "line": 15, "column": 1 },
				"end": { "line": 36, "column": null }
			},
			"2": {
				"start": { "line": 24, "column": 6 },
				"end": { "line": 28, "column": null }
			}
		},
		"fnMap": {
			"0": {
				"name": "(anonymous_0)",
				"decl": {
					"start": { "line": 10, "column": 29 },
					"end": { "line": 10, "column": 30 }
				},
				"loc": {
					"start": { "line": 14, "column": 26 },
					"end": { "line": 38, "column": null }
				},
				"line": 14
			},
			"1": {
				"name": "(anonymous_1)",
				"decl": {
					"start": { "line": 23, "column": 19 },
					"end": { "line": 23, "column": 20 }
				},
				"loc": {
					"start": { "line": 24, "column": 6 },
					"end": { "line": 28, "column": null }
				},
				"line": 24
			}
		},
		"branchMap": {
			"0": {
				"loc": {
					"start": { "line": 17, "column": 4 },
					"end": { "line": 34, "column": null }
				},
				"type": "cond-expr",
				"locations": [
					{
						"start": { "line": 18, "column": 4 },
						"end": { "line": 20, "column": null }
					},
					{
						"start": { "line": 21, "column": 7 },
						"end": { "line": 34, "column": null }
					}
				],
				"line": 17
			},
			"1": {
				"loc": {
					"start": { "line": 21, "column": 7 },
					"end": { "line": 34, "column": null }
				},
				"type": "cond-expr",
				"locations": [
					{
						"start": { "line": 22, "column": 4 },
						"end": { "line": 30, "column": null }
					},
					{
						"start": { "line": 32, "column": 4 },
						"end": { "line": 34, "column": null }
					}
				],
				"line": 21
			}
		},
		"s": { "0": 1, "1": 2, "2": 1 },
		"f": { "0": 2, "1": 1 },
		"b": { "0": [1, 1], "1": [1, 0] },
		"meta": {
			"lastBranch": 2,
			"lastFunction": 2,
			"lastStatement": 3,
			"seen": {
				"s:10:29:38:Infinity": 0,
				"f:10:29:10:30": 0,
				"s:15:1:36:Infinity": 1,
				"b:18:4:20:Infinity:21:7:34:Infinity": 0,
				"b:22:4:30:Infinity:32:4:34:Infinity": 1,
				"f:23:19:23:20": 1,
				"s:24:6:28:Infinity": 2
			}
		}
	}
}
